Added Component: Designator=BT1(CR2032 Holder _ "White")
Add component. Clean all parameters for all variants
Add component (AddParameter): Name = "Availability"; Value = "Good"; VariantName = "[No Variations]"
Add component (AddParameter): Name = "MF"; Value = "MPD"; VariantName = "[No Variations]"
Add component (AddParameter): Name = "MP"; Value = "BU2032SM-BT-GTR"; VariantName = "[No Variations]"
Add component (AddParameter): Name = "Package"; Value = "None"; VariantName = "[No Variations]"
Add component (AddParameter): Name = "Price"; Value = "0.64 USD"; VariantName = "[No Variations]"
Added Component: Designator=P1(HDR2X4)
Add component. Clean all parameters for all variants
Add component (AddParameter): Name = "LatestRevisionDate"; Value = "17-Jul-2002"; VariantName = "[No Variations]"
Add component (AddParameter): Name = "LatestRevisionNote"; Value = "Re-released for DXP Platform."; VariantName = "[No Variations]"
Add component (AddParameter): Name = "Publisher"; Value = "Altium Limited"; VariantName = "[No Variations]"
Added Component: Designator=U1(*DIP14-2.54-17.24X6.35MM)
Add component. Clean all parameters for all variants
Add component (AddParameter): Name = "Availability"; Value = "Unavailable"; VariantName = "[No Variations]"
Add component (AddParameter): Name = "MF"; Value = "Microchip"; VariantName = "[No Variations]"
Add component (AddParameter): Name = "MP"; Value = "ATTINY84-20PU"; VariantName = "[No Variations]"
Add component (AddParameter): Name = "Package"; Value = "DIP-14 Microchip"; VariantName = "[No Variations]"
Add component (AddParameter): Name = "Price"; Value = "None"; VariantName = "[No Variations]"
Add component (AddParameter): Name = "SnapEDA_Link"; Value = "https://www.snapeda.com/parts/ATTINY84-20PU/Microchip/view-part/?ref=snap"; VariantName = "[No Variations]"
Add component (AddParameter): Name = "Value"; Value = ""; VariantName = "[No Variations]"
Added Pin To Net: NetName=VCC Pin=BT1-1
Added Pin To Net: NetName=GND Pin=BT1-2
Added Pin To Net: NetName=GND Pin=P1-1
Added Pin To Net: NetName=VCC Pin=P1-2
Added Pin To Net: NetName=CE Pin=P1-3
Added Pin To Net: NetName=CSN Pin=P1-4
Added Pin To Net: NetName=SCK Pin=P1-5
Added Pin To Net: NetName=MOSI Pin=P1-6
Added Pin To Net: NetName=MISO Pin=P1-7
Added Pin To Net: NetName=VCC Pin=U1-1
Added Pin To Net: NetName=MISO Pin=U1-7
Added Pin To Net: NetName=MOSI Pin=U1-8
Added Pin To Net: NetName=SCK Pin=U1-9
Added Pin To Net: NetName=CSN Pin=U1-10
Added Pin To Net: NetName=CE Pin=U1-12
Added Pin To Net: NetName=GND Pin=U1-14
Added Member To Class: ClassName=AttinyNodeNRF24 Member=Component BT1 Holder Cr2032 Gold Leads Smd
Added Member To Class: ClassName=AttinyNodeNRF24 Member=Component P1 Header 4X2
Added Member To Class: ClassName=AttinyNodeNRF24 Member=Component U1 MCU-ATTINY84-20PU(DIP14)
