Added Component: Designator=P3(HDR2X4_CEN)
Add component. Clean all parameters for all variants
Add component (AddParameter): Name = "LatestRevisionDate"; Value = "17-Jul-2002"; VariantName = "[No Variations]"
Add component (AddParameter): Name = "LatestRevisionNote"; Value = "Re-released for DXP Platform."; VariantName = "[No Variations]"
Add component (AddParameter): Name = "Publisher"; Value = "Altium Limited"; VariantName = "[No Variations]"
Added Pin To Net: NetName=VCC Pin=P3-1
Added Pin To Net: NetName=GND Pin=P3-5
Added Pin To Net: NetName=CE Pin=IC1-26
Added Pin To Net: NetName=CE Pin=P3-2
Added Net: Name=CE
Added Pin To Net: NetName=CSN Pin=IC1-20
Added Pin To Net: NetName=CSN Pin=P3-6
Added Net: Name=CSN
Added Pin To Net: NetName=MISO Pin=IC1-22
Added Pin To Net: NetName=MISO Pin=P3-4
Added Net: Name=MISO
Added Pin To Net: NetName=MOSI Pin=IC1-23
Added Pin To Net: NetName=MOSI Pin=P3-7
Added Net: Name=MOSI
Added Pin To Net: NetName=SCK Pin=IC1-21
Added Pin To Net: NetName=SCK Pin=P3-3
Added Net: Name=SCK
Added Member To Class: ClassName=Node Member=Component P3 nRF24l01
