-----TI-REX started at Wed Dec 11 2019 19:43:56 GMT+0000 (GMT - время по Гринвичу (зима))
Wed, 11 Dec 2019 19:44:00 GMT connect deprecated methodOverride: use method-override npm module instead at app.js:647:21
        "mac": "02:00:4c:4f:4f:50",
        "internal": false
    }
]
2019-12-11T19:43:56.320Z INFO DAEMON dinfra - [
    "multiple candidate address ignored",
    "VMware Network Adapter VMnet8",
    {
        "address": "169.254.137.81",
        "netmask": "255.255.0.0",
        "family": "IPv4",
        "mac": "02:00:4c:4f:4f:50",
        "internal": false
    }
]
2019-12-11T19:43:56.321Z INFO DAEMON dinfra - [
    "multiple candidate address ignored",
    "Беспроводное сетевое соединение",
    {
        "address": "169.254.137.81",
        "netmask": "255.255.0.0",
        "family": "IPv4",
        "mac": "02:00:4c:4f:4f:50",
        "internal": false
    }
]
-----TI-REX started at Wed Dec 11 2019 19:43:56 GMT+0000 (GMT - время по Гринвичу (зима))
TIREX server listening on port 55432
About to exit with code:  0
