
**** Build of configuration Debug for project getting_started_with_wlan_station ****

"C:\\TI\\ccs920\\ccs\\utils\\bin\\gmake" -k -j 8 all -O 
 
Building file: "../main.c"
Invoking: ARM Compiler
"C:/TI/ccs920/ccs/tools/compiler/ti-cgt-arm_18.12.3.LTS/bin/armcl" -mv7M4 -me --include_path="C:/Users/Admin/Desktop/TECNICO/1-Semestre/SEMB/IOT Project/3- codeComposerWorkSpace/getting_started_with_wlan_station" --include_path="C:/TI/TivaWare_C_Series-2.1.4.178" --include_path="C:/TI/CC3100SDK_1.3.0/cc3100-sdk/examples/common" --include_path="C:/TI/CC3100SDK_1.3.0/cc3100-sdk/simplelink/include" --include_path="C:/TI/CC3100SDK_1.3.0/cc3100-sdk/simplelink/source" --include_path="C:/TI/CC3100SDK_1.3.0/cc3100-sdk/platform/tiva-c-launchpad" --include_path="C:/TI/ccs920/ccs/tools/compiler/ti-cgt-arm_18.12.3.LTS/include" --define=PART_TM4C123GH6PM --define=TARGET_IS_BLIZZARD_RA1=1 --define=_USE_CLI_ --define=ccs -g --diag_warning=225 --diag_wrap=off --display_error_number --preproc_with_compile --preproc_dependency="main.d_raw"  "../main.c"
 
>> Compilation failure
subdir_rules.mk:9: recipe for target 'main.obj' failed
"C:/TI/ccs920/ccs/tools/compiler/ti-cgt-arm_18.12.3.LTS/include/sys/_stdint.h", line 37: error #85: invalid combination of type specifiers
"C:/TI/ccs920/ccs/tools/compiler/ti-cgt-arm_18.12.3.LTS/include/sys/_stdint.h", line 43: error #85: invalid combination of type specifiers
"C:/TI/ccs920/ccs/tools/compiler/ti-cgt-arm_18.12.3.LTS/include/sys/_stdint.h", line 48: error #85: invalid combination of type specifiers
"C:/TI/ccs920/ccs/tools/compiler/ti-cgt-arm_18.12.3.LTS/include/sys/_stdint.h", line 59: error #85: invalid combination of type specifiers
"C:/TI/ccs920/ccs/tools/compiler/ti-cgt-arm_18.12.3.LTS/include/sys/_stdint.h", line 65: error #85: invalid combination of type specifiers
"C:/TI/ccs920/ccs/tools/compiler/ti-cgt-arm_18.12.3.LTS/include/sys/_stdint.h", line 70: error #85: invalid combination of type specifiers
"../main.c", line 4: fatal error #1965: cannot open source file "driverlib/sysctl.h"
6 errors and 1 catastrophic error detected in the compilation of "../main.c".
Compilation terminated.
gmake: *** [main.obj] Error 1
Building file: "C:/TI/CC3100SDK_1.3.0/cc3100-sdk/platform/tiva-c-launchpad/board.c"
Invoking: ARM Compiler
"C:/TI/ccs920/ccs/tools/compiler/ti-cgt-arm_18.12.3.LTS/bin/armcl" -mv7M4 -me --include_path="C:/Users/Admin/Desktop/TECNICO/1-Semestre/SEMB/IOT Project/3- codeComposerWorkSpace/getting_started_with_wlan_station" --include_path="C:/TI/TivaWare_C_Series-2.1.4.178" --include_path="C:/TI/CC3100SDK_1.3.0/cc3100-sdk/examples/common" --include_path="C:/TI/CC3100SDK_1.3.0/cc3100-sdk/simplelink/include" --include_path="C:/TI/CC3100SDK_1.3.0/cc3100-sdk/simplelink/source" --include_path="C:/TI/CC3100SDK_1.3.0/cc3100-sdk/platform/tiva-c-launchpad" --include_path="C:/TI/ccs920/ccs/tools/compiler/ti-cgt-arm_18.12.3.LTS/include" --define=PART_TM4C123GH6PM --define=TARGET_IS_BLIZZARD_RA1=1 --define=_USE_CLI_ --define=ccs -g --diag_warning=225 --diag_wrap=off --display_error_number --preproc_with_compile --preproc_dependency="board/board.d_raw" --obj_directory="board"  "C:/TI/CC3100SDK_1.3.0/cc3100-sdk/platform/tiva-c-launchpad/board.c"
 
>> Compilation failure
board/subdir_rules.mk:9: recipe for target 'board/board.obj' failed
"C:/TI/ccs920/ccs/tools/compiler/ti-cgt-arm_18.12.3.LTS/include/sys/_stdint.h", line 37: error #85: invalid combination of type specifiers
"C:/TI/ccs920/ccs/tools/compiler/ti-cgt-arm_18.12.3.LTS/include/sys/_stdint.h", line 43: error #85: invalid combination of type specifiers
"C:/TI/ccs920/ccs/tools/compiler/ti-cgt-arm_18.12.3.LTS/include/sys/_stdint.h", line 48: error #85: invalid combination of type specifiers
"C:/TI/ccs920/ccs/tools/compiler/ti-cgt-arm_18.12.3.LTS/include/sys/_stdint.h", line 59: error #85: invalid combination of type specifiers
"C:/TI/ccs920/ccs/tools/compiler/ti-cgt-arm_18.12.3.LTS/include/sys/_stdint.h", line 65: error #85: invalid combination of type specifiers
"C:/TI/ccs920/ccs/tools/compiler/ti-cgt-arm_18.12.3.LTS/include/sys/_stdint.h", line 70: error #85: invalid combination of type specifiers
"C:/TI/CC3100SDK_1.3.0/cc3100-sdk/platform/tiva-c-launchpad/board.c", line 41: fatal error #1965: cannot open source file "tm4c123gh6pm.h"
6 errors and 1 catastrophic error detected in the compilation of "C:/TI/CC3100SDK_1.3.0/cc3100-sdk/platform/tiva-c-launchpad/board.c".
Compilation terminated.
gmake: *** [board/board.obj] Error 1
Building file: "C:/TI/CC3100SDK_1.3.0/cc3100-sdk/simplelink/source/device.c"
Invoking: ARM Compiler
"C:/TI/ccs920/ccs/tools/compiler/ti-cgt-arm_18.12.3.LTS/bin/armcl" -mv7M4 -me --include_path="C:/Users/Admin/Desktop/TECNICO/1-Semestre/SEMB/IOT Project/3- codeComposerWorkSpace/getting_started_with_wlan_station" --include_path="C:/TI/TivaWare_C_Series-2.1.4.178" --include_path="C:/TI/CC3100SDK_1.3.0/cc3100-sdk/examples/common" --include_path="C:/TI/CC3100SDK_1.3.0/cc3100-sdk/simplelink/include" --include_path="C:/TI/CC3100SDK_1.3.0/cc3100-sdk/simplelink/source" --include_path="C:/TI/CC3100SDK_1.3.0/cc3100-sdk/platform/tiva-c-launchpad" --include_path="C:/TI/ccs920/ccs/tools/compiler/ti-cgt-arm_18.12.3.LTS/include" --define=PART_TM4C123GH6PM --define=TARGET_IS_BLIZZARD_RA1=1 --define=_USE_CLI_ --define=ccs -g --diag_warning=225 --diag_wrap=off --display_error_number --preproc_with_compile --preproc_dependency="simplelink/source/device.d_raw" --obj_directory="simplelink/source"  "C:/TI/CC3100SDK_1.3.0/cc3100-sdk/simplelink/source/device.c"
 
>> Compilation failure
simplelink/source/subdir_rules.mk:9: recipe for target 'simplelink/source/device.obj' failed
"C:/TI/ccs920/ccs/tools/compiler/ti-cgt-arm_18.12.3.LTS/include/sys/_stdint.h", line 37: error #85: invalid combination of type specifiers
"C:/TI/ccs920/ccs/tools/compiler/ti-cgt-arm_18.12.3.LTS/include/sys/_stdint.h", line 43: error #85: invalid combination of type specifiers
"C:/TI/ccs920/ccs/tools/compiler/ti-cgt-arm_18.12.3.LTS/include/sys/_stdint.h", line 48: error #85: invalid combination of type specifiers
"C:/TI/ccs920/ccs/tools/compiler/ti-cgt-arm_18.12.3.LTS/include/sys/_stdint.h", line 59: error #85: invalid combination of type specifiers
"C:/TI/ccs920/ccs/tools/compiler/ti-cgt-arm_18.12.3.LTS/include/sys/_stdint.h", line 65: error #85: invalid combination of type specifiers
"C:/TI/ccs920/ccs/tools/compiler/ti-cgt-arm_18.12.3.LTS/include/sys/_stdint.h", line 70: error #85: invalid combination of type specifiers
6 errors detected in the compilation of "C:/TI/CC3100SDK_1.3.0/cc3100-sdk/simplelink/source/device.c".
gmake: *** [simplelink/source/device.obj] Error 1
Building file: "C:/TI/CC3100SDK_1.3.0/cc3100-sdk/simplelink/source/driver.c"
Invoking: ARM Compiler
"C:/TI/ccs920/ccs/tools/compiler/ti-cgt-arm_18.12.3.LTS/bin/armcl" -mv7M4 -me --include_path="C:/Users/Admin/Desktop/TECNICO/1-Semestre/SEMB/IOT Project/3- codeComposerWorkSpace/getting_started_with_wlan_station" --include_path="C:/TI/TivaWare_C_Series-2.1.4.178" --include_path="C:/TI/CC3100SDK_1.3.0/cc3100-sdk/examples/common" --include_path="C:/TI/CC3100SDK_1.3.0/cc3100-sdk/simplelink/include" --include_path="C:/TI/CC3100SDK_1.3.0/cc3100-sdk/simplelink/source" --include_path="C:/TI/CC3100SDK_1.3.0/cc3100-sdk/platform/tiva-c-launchpad" --include_path="C:/TI/ccs920/ccs/tools/compiler/ti-cgt-arm_18.12.3.LTS/include" --define=PART_TM4C123GH6PM --define=TARGET_IS_BLIZZARD_RA1=1 --define=_USE_CLI_ --define=ccs -g --diag_warning=225 --diag_wrap=off --display_error_number --preproc_with_compile --preproc_dependency="simplelink/source/driver.d_raw" --obj_directory="simplelink/source"  "C:/TI/CC3100SDK_1.3.0/cc3100-sdk/simplelink/source/driver.c"
 
>> Compilation failure
simplelink/source/subdir_rules.mk:16: recipe for target 'simplelink/source/driver.obj' failed
"C:/TI/ccs920/ccs/tools/compiler/ti-cgt-arm_18.12.3.LTS/include/sys/_stdint.h", line 37: error #85: invalid combination of type specifiers
"C:/TI/ccs920/ccs/tools/compiler/ti-cgt-arm_18.12.3.LTS/include/sys/_stdint.h", line 43: error #85: invalid combination of type specifiers
"C:/TI/ccs920/ccs/tools/compiler/ti-cgt-arm_18.12.3.LTS/include/sys/_stdint.h", line 48: error #85: invalid combination of type specifiers
"C:/TI/ccs920/ccs/tools/compiler/ti-cgt-arm_18.12.3.LTS/include/sys/_stdint.h", line 59: error #85: invalid combination of type specifiers
"C:/TI/ccs920/ccs/tools/compiler/ti-cgt-arm_18.12.3.LTS/include/sys/_stdint.h", line 65: error #85: invalid combination of type specifiers
"C:/TI/ccs920/ccs/tools/compiler/ti-cgt-arm_18.12.3.LTS/include/sys/_stdint.h", line 70: error #85: invalid combination of type specifiers
6 errors detected in the compilation of "C:/TI/CC3100SDK_1.3.0/cc3100-sdk/simplelink/source/driver.c".
gmake: *** [simplelink/source/driver.obj] Error 1
Building file: "C:/TI/CC3100SDK_1.3.0/cc3100-sdk/simplelink/source/flowcont.c"
Invoking: ARM Compiler
"C:/TI/ccs920/ccs/tools/compiler/ti-cgt-arm_18.12.3.LTS/bin/armcl" -mv7M4 -me --include_path="C:/Users/Admin/Desktop/TECNICO/1-Semestre/SEMB/IOT Project/3- codeComposerWorkSpace/getting_started_with_wlan_station" --include_path="C:/TI/TivaWare_C_Series-2.1.4.178" --include_path="C:/TI/CC3100SDK_1.3.0/cc3100-sdk/examples/common" --include_path="C:/TI/CC3100SDK_1.3.0/cc3100-sdk/simplelink/include" --include_path="C:/TI/CC3100SDK_1.3.0/cc3100-sdk/simplelink/source" --include_path="C:/TI/CC3100SDK_1.3.0/cc3100-sdk/platform/tiva-c-launchpad" --include_path="C:/TI/ccs920/ccs/tools/compiler/ti-cgt-arm_18.12.3.LTS/include" --define=PART_TM4C123GH6PM --define=TARGET_IS_BLIZZARD_RA1=1 --define=_USE_CLI_ --define=ccs -g --diag_warning=225 --diag_wrap=off --display_error_number --preproc_with_compile --preproc_dependency="simplelink/source/flowcont.d_raw" --obj_directory="simplelink/source"  "C:/TI/CC3100SDK_1.3.0/cc3100-sdk/simplelink/source/flowcont.c"
 
>> Compilation failure
simplelink/source/subdir_rules.mk:23: recipe for target 'simplelink/source/flowcont.obj' failed
"C:/TI/ccs920/ccs/tools/compiler/ti-cgt-arm_18.12.3.LTS/include/sys/_stdint.h", line 37: error #85: invalid combination of type specifiers
"C:/TI/ccs920/ccs/tools/compiler/ti-cgt-arm_18.12.3.LTS/include/sys/_stdint.h", line 43: error #85: invalid combination of type specifiers
"C:/TI/ccs920/ccs/tools/compiler/ti-cgt-arm_18.12.3.LTS/include/sys/_stdint.h", line 48: error #85: invalid combination of type specifiers
"C:/TI/ccs920/ccs/tools/compiler/ti-cgt-arm_18.12.3.LTS/include/sys/_stdint.h", line 59: error #85: invalid combination of type specifiers
"C:/TI/ccs920/ccs/tools/compiler/ti-cgt-arm_18.12.3.LTS/include/sys/_stdint.h", line 65: error #85: invalid combination of type specifiers
"C:/TI/ccs920/ccs/tools/compiler/ti-cgt-arm_18.12.3.LTS/include/sys/_stdint.h", line 70: error #85: invalid combination of type specifiers
6 errors detected in the compilation of "C:/TI/CC3100SDK_1.3.0/cc3100-sdk/simplelink/source/flowcont.c".
gmake: *** [simplelink/source/flowcont.obj] Error 1
Building file: "C:/TI/CC3100SDK_1.3.0/cc3100-sdk/simplelink/source/fs.c"
Invoking: ARM Compiler
"C:/TI/ccs920/ccs/tools/compiler/ti-cgt-arm_18.12.3.LTS/bin/armcl" -mv7M4 -me --include_path="C:/Users/Admin/Desktop/TECNICO/1-Semestre/SEMB/IOT Project/3- codeComposerWorkSpace/getting_started_with_wlan_station" --include_path="C:/TI/TivaWare_C_Series-2.1.4.178" --include_path="C:/TI/CC3100SDK_1.3.0/cc3100-sdk/examples/common" --include_path="C:/TI/CC3100SDK_1.3.0/cc3100-sdk/simplelink/include" --include_path="C:/TI/CC3100SDK_1.3.0/cc3100-sdk/simplelink/source" --include_path="C:/TI/CC3100SDK_1.3.0/cc3100-sdk/platform/tiva-c-launchpad" --include_path="C:/TI/ccs920/ccs/tools/compiler/ti-cgt-arm_18.12.3.LTS/include" --define=PART_TM4C123GH6PM --define=TARGET_IS_BLIZZARD_RA1=1 --define=_USE_CLI_ --define=ccs -g --diag_warning=225 --diag_wrap=off --display_error_number --preproc_with_compile --preproc_dependency="simplelink/source/fs.d_raw" --obj_directory="simplelink/source"  "C:/TI/CC3100SDK_1.3.0/cc3100-sdk/simplelink/source/fs.c"
 
>> Compilation failure
simplelink/source/subdir_rules.mk:30: recipe for target 'simplelink/source/fs.obj' failed
"C:/TI/ccs920/ccs/tools/compiler/ti-cgt-arm_18.12.3.LTS/include/sys/_stdint.h", line 37: error #85: invalid combination of type specifiers
"C:/TI/ccs920/ccs/tools/compiler/ti-cgt-arm_18.12.3.LTS/include/sys/_stdint.h", line 43: error #85: invalid combination of type specifiers
"C:/TI/ccs920/ccs/tools/compiler/ti-cgt-arm_18.12.3.LTS/include/sys/_stdint.h", line 48: error #85: invalid combination of type specifiers
"C:/TI/ccs920/ccs/tools/compiler/ti-cgt-arm_18.12.3.LTS/include/sys/_stdint.h", line 59: error #85: invalid combination of type specifiers
"C:/TI/ccs920/ccs/tools/compiler/ti-cgt-arm_18.12.3.LTS/include/sys/_stdint.h", line 65: error #85: invalid combination of type specifiers
"C:/TI/ccs920/ccs/tools/compiler/ti-cgt-arm_18.12.3.LTS/include/sys/_stdint.h", line 70: error #85: invalid combination of type specifiers
6 errors detected in the compilation of "C:/TI/CC3100SDK_1.3.0/cc3100-sdk/simplelink/source/fs.c".
gmake: *** [simplelink/source/fs.obj] Error 1
Building file: "../tm4c123gh6pm_startup_ccs.c"
Invoking: ARM Compiler
"C:/TI/ccs920/ccs/tools/compiler/ti-cgt-arm_18.12.3.LTS/bin/armcl" -mv7M4 -me --include_path="C:/Users/Admin/Desktop/TECNICO/1-Semestre/SEMB/IOT Project/3- codeComposerWorkSpace/getting_started_with_wlan_station" --include_path="C:/TI/TivaWare_C_Series-2.1.4.178" --include_path="C:/TI/CC3100SDK_1.3.0/cc3100-sdk/examples/common" --include_path="C:/TI/CC3100SDK_1.3.0/cc3100-sdk/simplelink/include" --include_path="C:/TI/CC3100SDK_1.3.0/cc3100-sdk/simplelink/source" --include_path="C:/TI/CC3100SDK_1.3.0/cc3100-sdk/platform/tiva-c-launchpad" --include_path="C:/TI/ccs920/ccs/tools/compiler/ti-cgt-arm_18.12.3.LTS/include" --define=PART_TM4C123GH6PM --define=TARGET_IS_BLIZZARD_RA1=1 --define=_USE_CLI_ --define=ccs -g --diag_warning=225 --diag_wrap=off --display_error_number --preproc_with_compile --preproc_dependency="tm4c123gh6pm_startup_ccs.d_raw"  "../tm4c123gh6pm_startup_ccs.c"
Finished building: "../tm4c123gh6pm_startup_ccs.c"
 
Building file: "C:/TI/CC3100SDK_1.3.0/cc3100-sdk/simplelink/source/netapp.c"
Invoking: ARM Compiler
"C:/TI/ccs920/ccs/tools/compiler/ti-cgt-arm_18.12.3.LTS/bin/armcl" -mv7M4 -me --include_path="C:/Users/Admin/Desktop/TECNICO/1-Semestre/SEMB/IOT Project/3- codeComposerWorkSpace/getting_started_with_wlan_station" --include_path="C:/TI/TivaWare_C_Series-2.1.4.178" --include_path="C:/TI/CC3100SDK_1.3.0/cc3100-sdk/examples/common" --include_path="C:/TI/CC3100SDK_1.3.0/cc3100-sdk/simplelink/include" --include_path="C:/TI/CC3100SDK_1.3.0/cc3100-sdk/simplelink/source" --include_path="C:/TI/CC3100SDK_1.3.0/cc3100-sdk/platform/tiva-c-launchpad" --include_path="C:/TI/ccs920/ccs/tools/compiler/ti-cgt-arm_18.12.3.LTS/include" --define=PART_TM4C123GH6PM --define=TARGET_IS_BLIZZARD_RA1=1 --define=_USE_CLI_ --define=ccs -g --diag_warning=225 --diag_wrap=off --display_error_number --preproc_with_compile --preproc_dependency="simplelink/source/netapp.d_raw" --obj_directory="simplelink/source"  "C:/TI/CC3100SDK_1.3.0/cc3100-sdk/simplelink/source/netapp.c"
 
>> Compilation failure
simplelink/source/subdir_rules.mk:37: recipe for target 'simplelink/source/netapp.obj' failed
"C:/TI/ccs920/ccs/tools/compiler/ti-cgt-arm_18.12.3.LTS/include/sys/_stdint.h", line 37: error #85: invalid combination of type specifiers
"C:/TI/ccs920/ccs/tools/compiler/ti-cgt-arm_18.12.3.LTS/include/sys/_stdint.h", line 43: error #85: invalid combination of type specifiers
"C:/TI/ccs920/ccs/tools/compiler/ti-cgt-arm_18.12.3.LTS/include/sys/_stdint.h", line 48: error #85: invalid combination of type specifiers
"C:/TI/ccs920/ccs/tools/compiler/ti-cgt-arm_18.12.3.LTS/include/sys/_stdint.h", line 59: error #85: invalid combination of type specifiers
"C:/TI/ccs920/ccs/tools/compiler/ti-cgt-arm_18.12.3.LTS/include/sys/_stdint.h", line 65: error #85: invalid combination of type specifiers
"C:/TI/ccs920/ccs/tools/compiler/ti-cgt-arm_18.12.3.LTS/include/sys/_stdint.h", line 70: error #85: invalid combination of type specifiers
6 errors detected in the compilation of "C:/TI/CC3100SDK_1.3.0/cc3100-sdk/simplelink/source/netapp.c".
gmake: *** [simplelink/source/netapp.obj] Error 1
Building file: "C:/TI/CC3100SDK_1.3.0/cc3100-sdk/simplelink/source/netcfg.c"
Invoking: ARM Compiler
"C:/TI/ccs920/ccs/tools/compiler/ti-cgt-arm_18.12.3.LTS/bin/armcl" -mv7M4 -me --include_path="C:/Users/Admin/Desktop/TECNICO/1-Semestre/SEMB/IOT Project/3- codeComposerWorkSpace/getting_started_with_wlan_station" --include_path="C:/TI/TivaWare_C_Series-2.1.4.178" --include_path="C:/TI/CC3100SDK_1.3.0/cc3100-sdk/examples/common" --include_path="C:/TI/CC3100SDK_1.3.0/cc3100-sdk/simplelink/include" --include_path="C:/TI/CC3100SDK_1.3.0/cc3100-sdk/simplelink/source" --include_path="C:/TI/CC3100SDK_1.3.0/cc3100-sdk/platform/tiva-c-launchpad" --include_path="C:/TI/ccs920/ccs/tools/compiler/ti-cgt-arm_18.12.3.LTS/include" --define=PART_TM4C123GH6PM --define=TARGET_IS_BLIZZARD_RA1=1 --define=_USE_CLI_ --define=ccs -g --diag_warning=225 --diag_wrap=off --display_error_number --preproc_with_compile --preproc_dependency="simplelink/source/netcfg.d_raw" --obj_directory="simplelink/source"  "C:/TI/CC3100SDK_1.3.0/cc3100-sdk/simplelink/source/netcfg.c"
 
>> Compilation failure
simplelink/source/subdir_rules.mk:44: recipe for target 'simplelink/source/netcfg.obj' failed
"C:/TI/ccs920/ccs/tools/compiler/ti-cgt-arm_18.12.3.LTS/include/sys/_stdint.h", line 37: error #85: invalid combination of type specifiers
"C:/TI/ccs920/ccs/tools/compiler/ti-cgt-arm_18.12.3.LTS/include/sys/_stdint.h", line 43: error #85: invalid combination of type specifiers
"C:/TI/ccs920/ccs/tools/compiler/ti-cgt-arm_18.12.3.LTS/include/sys/_stdint.h", line 48: error #85: invalid combination of type specifiers
"C:/TI/ccs920/ccs/tools/compiler/ti-cgt-arm_18.12.3.LTS/include/sys/_stdint.h", line 59: error #85: invalid combination of type specifiers
"C:/TI/ccs920/ccs/tools/compiler/ti-cgt-arm_18.12.3.LTS/include/sys/_stdint.h", line 65: error #85: invalid combination of type specifiers
"C:/TI/ccs920/ccs/tools/compiler/ti-cgt-arm_18.12.3.LTS/include/sys/_stdint.h", line 70: error #85: invalid combination of type specifiers
6 errors detected in the compilation of "C:/TI/CC3100SDK_1.3.0/cc3100-sdk/simplelink/source/netcfg.c".
gmake: *** [simplelink/source/netcfg.obj] Error 1
Building file: "C:/TI/CC3100SDK_1.3.0/cc3100-sdk/simplelink/source/nonos.c"
Invoking: ARM Compiler
"C:/TI/ccs920/ccs/tools/compiler/ti-cgt-arm_18.12.3.LTS/bin/armcl" -mv7M4 -me --include_path="C:/Users/Admin/Desktop/TECNICO/1-Semestre/SEMB/IOT Project/3- codeComposerWorkSpace/getting_started_with_wlan_station" --include_path="C:/TI/TivaWare_C_Series-2.1.4.178" --include_path="C:/TI/CC3100SDK_1.3.0/cc3100-sdk/examples/common" --include_path="C:/TI/CC3100SDK_1.3.0/cc3100-sdk/simplelink/include" --include_path="C:/TI/CC3100SDK_1.3.0/cc3100-sdk/simplelink/source" --include_path="C:/TI/CC3100SDK_1.3.0/cc3100-sdk/platform/tiva-c-launchpad" --include_path="C:/TI/ccs920/ccs/tools/compiler/ti-cgt-arm_18.12.3.LTS/include" --define=PART_TM4C123GH6PM --define=TARGET_IS_BLIZZARD_RA1=1 --define=_USE_CLI_ --define=ccs -g --diag_warning=225 --diag_wrap=off --display_error_number --preproc_with_compile --preproc_dependency="simplelink/source/nonos.d_raw" --obj_directory="simplelink/source"  "C:/TI/CC3100SDK_1.3.0/cc3100-sdk/simplelink/source/nonos.c"
 
>> Compilation failure
simplelink/source/subdir_rules.mk:51: recipe for target 'simplelink/source/nonos.obj' failed
"C:/TI/ccs920/ccs/tools/compiler/ti-cgt-arm_18.12.3.LTS/include/sys/_stdint.h", line 37: error #85: invalid combination of type specifiers
"C:/TI/ccs920/ccs/tools/compiler/ti-cgt-arm_18.12.3.LTS/include/sys/_stdint.h", line 43: error #85: invalid combination of type specifiers
"C:/TI/ccs920/ccs/tools/compiler/ti-cgt-arm_18.12.3.LTS/include/sys/_stdint.h", line 48: error #85: invalid combination of type specifiers
"C:/TI/ccs920/ccs/tools/compiler/ti-cgt-arm_18.12.3.LTS/include/sys/_stdint.h", line 59: error #85: invalid combination of type specifiers
"C:/TI/ccs920/ccs/tools/compiler/ti-cgt-arm_18.12.3.LTS/include/sys/_stdint.h", line 65: error #85: invalid combination of type specifiers
"C:/TI/ccs920/ccs/tools/compiler/ti-cgt-arm_18.12.3.LTS/include/sys/_stdint.h", line 70: error #85: invalid combination of type specifiers
6 errors detected in the compilation of "C:/TI/CC3100SDK_1.3.0/cc3100-sdk/simplelink/source/nonos.c".
gmake: *** [simplelink/source/nonos.obj] Error 1
Building file: "C:/TI/CC3100SDK_1.3.0/cc3100-sdk/simplelink/source/socket.c"
Invoking: ARM Compiler
"C:/TI/ccs920/ccs/tools/compiler/ti-cgt-arm_18.12.3.LTS/bin/armcl" -mv7M4 -me --include_path="C:/Users/Admin/Desktop/TECNICO/1-Semestre/SEMB/IOT Project/3- codeComposerWorkSpace/getting_started_with_wlan_station" --include_path="C:/TI/TivaWare_C_Series-2.1.4.178" --include_path="C:/TI/CC3100SDK_1.3.0/cc3100-sdk/examples/common" --include_path="C:/TI/CC3100SDK_1.3.0/cc3100-sdk/simplelink/include" --include_path="C:/TI/CC3100SDK_1.3.0/cc3100-sdk/simplelink/source" --include_path="C:/TI/CC3100SDK_1.3.0/cc3100-sdk/platform/tiva-c-launchpad" --include_path="C:/TI/ccs920/ccs/tools/compiler/ti-cgt-arm_18.12.3.LTS/include" --define=PART_TM4C123GH6PM --define=TARGET_IS_BLIZZARD_RA1=1 --define=_USE_CLI_ --define=ccs -g --diag_warning=225 --diag_wrap=off --display_error_number --preproc_with_compile --preproc_dependency="simplelink/source/socket.d_raw" --obj_directory="simplelink/source"  "C:/TI/CC3100SDK_1.3.0/cc3100-sdk/simplelink/source/socket.c"
 
>> Compilation failure
simplelink/source/subdir_rules.mk:58: recipe for target 'simplelink/source/socket.obj' failed
gmake: *** No rule to make target 'C:/TI/TivaWare_C_Series-2.1.4.178/utils/uartstdio.c', needed by 'utils/uartstdio.obj'.
gmake: *** No rule to make target 'C:/TI/TivaWare_C_Series-2.1.4.178/utils/ustdlib.c', needed by 'utils/ustdlib.obj'.
"C:/TI/ccs920/ccs/tools/compiler/ti-cgt-arm_18.12.3.LTS/include/sys/_stdint.h", line 37: error #85: invalid combination of type specifiers
"C:/TI/ccs920/ccs/tools/compiler/ti-cgt-arm_18.12.3.LTS/include/sys/_stdint.h", line 43: error #85: invalid combination of type specifiers
"C:/TI/ccs920/ccs/tools/compiler/ti-cgt-arm_18.12.3.LTS/include/sys/_stdint.h", line 48: error #85: invalid combination of type specifiers
"C:/TI/ccs920/ccs/tools/compiler/ti-cgt-arm_18.12.3.LTS/include/sys/_stdint.h", line 59: error #85: invalid combination of type specifiers
"C:/TI/ccs920/ccs/tools/compiler/ti-cgt-arm_18.12.3.LTS/include/sys/_stdint.h", line 65: error #85: invalid combination of type specifiers
"C:/TI/ccs920/ccs/tools/compiler/ti-cgt-arm_18.12.3.LTS/include/sys/_stdint.h", line 70: error #85: invalid combination of type specifiers
6 errors detected in the compilation of "C:/TI/CC3100SDK_1.3.0/cc3100-sdk/simplelink/source/socket.c".
gmake: *** [simplelink/source/socket.obj] Error 1
Building file: "C:/TI/CC3100SDK_1.3.0/cc3100-sdk/simplelink/source/spawn.c"
Invoking: ARM Compiler
"C:/TI/ccs920/ccs/tools/compiler/ti-cgt-arm_18.12.3.LTS/bin/armcl" -mv7M4 -me --include_path="C:/Users/Admin/Desktop/TECNICO/1-Semestre/SEMB/IOT Project/3- codeComposerWorkSpace/getting_started_with_wlan_station" --include_path="C:/TI/TivaWare_C_Series-2.1.4.178" --include_path="C:/TI/CC3100SDK_1.3.0/cc3100-sdk/examples/common" --include_path="C:/TI/CC3100SDK_1.3.0/cc3100-sdk/simplelink/include" --include_path="C:/TI/CC3100SDK_1.3.0/cc3100-sdk/simplelink/source" --include_path="C:/TI/CC3100SDK_1.3.0/cc3100-sdk/platform/tiva-c-launchpad" --include_path="C:/TI/ccs920/ccs/tools/compiler/ti-cgt-arm_18.12.3.LTS/include" --define=PART_TM4C123GH6PM --define=TARGET_IS_BLIZZARD_RA1=1 --define=_USE_CLI_ --define=ccs -g --diag_warning=225 --diag_wrap=off --display_error_number --preproc_with_compile --preproc_dependency="simplelink/source/spawn.d_raw" --obj_directory="simplelink/source"  "C:/TI/CC3100SDK_1.3.0/cc3100-sdk/simplelink/source/spawn.c"
 
>> Compilation failure
simplelink/source/subdir_rules.mk:65: recipe for target 'simplelink/source/spawn.obj' failed
"C:/TI/ccs920/ccs/tools/compiler/ti-cgt-arm_18.12.3.LTS/include/sys/_stdint.h", line 37: error #85: invalid combination of type specifiers
"C:/TI/ccs920/ccs/tools/compiler/ti-cgt-arm_18.12.3.LTS/include/sys/_stdint.h", line 43: error #85: invalid combination of type specifiers
"C:/TI/ccs920/ccs/tools/compiler/ti-cgt-arm_18.12.3.LTS/include/sys/_stdint.h", line 48: error #85: invalid combination of type specifiers
"C:/TI/ccs920/ccs/tools/compiler/ti-cgt-arm_18.12.3.LTS/include/sys/_stdint.h", line 59: error #85: invalid combination of type specifiers
"C:/TI/ccs920/ccs/tools/compiler/ti-cgt-arm_18.12.3.LTS/include/sys/_stdint.h", line 65: error #85: invalid combination of type specifiers
"C:/TI/ccs920/ccs/tools/compiler/ti-cgt-arm_18.12.3.LTS/include/sys/_stdint.h", line 70: error #85: invalid combination of type specifiers
6 errors detected in the compilation of "C:/TI/CC3100SDK_1.3.0/cc3100-sdk/simplelink/source/spawn.c".
gmake: *** [simplelink/source/spawn.obj] Error 1
Building file: "C:/TI/CC3100SDK_1.3.0/cc3100-sdk/simplelink/source/wlan.c"
Invoking: ARM Compiler
"C:/TI/ccs920/ccs/tools/compiler/ti-cgt-arm_18.12.3.LTS/bin/armcl" -mv7M4 -me --include_path="C:/Users/Admin/Desktop/TECNICO/1-Semestre/SEMB/IOT Project/3- codeComposerWorkSpace/getting_started_with_wlan_station" --include_path="C:/TI/TivaWare_C_Series-2.1.4.178" --include_path="C:/TI/CC3100SDK_1.3.0/cc3100-sdk/examples/common" --include_path="C:/TI/CC3100SDK_1.3.0/cc3100-sdk/simplelink/include" --include_path="C:/TI/CC3100SDK_1.3.0/cc3100-sdk/simplelink/source" --include_path="C:/TI/CC3100SDK_1.3.0/cc3100-sdk/platform/tiva-c-launchpad" --include_path="C:/TI/ccs920/ccs/tools/compiler/ti-cgt-arm_18.12.3.LTS/include" --define=PART_TM4C123GH6PM --define=TARGET_IS_BLIZZARD_RA1=1 --define=_USE_CLI_ --define=ccs -g --diag_warning=225 --diag_wrap=off --display_error_number --preproc_with_compile --preproc_dependency="simplelink/source/wlan.d_raw" --obj_directory="simplelink/source"  "C:/TI/CC3100SDK_1.3.0/cc3100-sdk/simplelink/source/wlan.c"
 
>> Compilation failure
simplelink/source/subdir_rules.mk:72: recipe for target 'simplelink/source/wlan.obj' failed
"C:/TI/ccs920/ccs/tools/compiler/ti-cgt-arm_18.12.3.LTS/include/sys/_stdint.h", line 37: error #85: invalid combination of type specifiers
"C:/TI/ccs920/ccs/tools/compiler/ti-cgt-arm_18.12.3.LTS/include/sys/_stdint.h", line 43: error #85: invalid combination of type specifiers
"C:/TI/ccs920/ccs/tools/compiler/ti-cgt-arm_18.12.3.LTS/include/sys/_stdint.h", line 48: error #85: invalid combination of type specifiers
"C:/TI/ccs920/ccs/tools/compiler/ti-cgt-arm_18.12.3.LTS/include/sys/_stdint.h", line 59: error #85: invalid combination of type specifiers
"C:/TI/ccs920/ccs/tools/compiler/ti-cgt-arm_18.12.3.LTS/include/sys/_stdint.h", line 65: error #85: invalid combination of type specifiers
"C:/TI/ccs920/ccs/tools/compiler/ti-cgt-arm_18.12.3.LTS/include/sys/_stdint.h", line 70: error #85: invalid combination of type specifiers
6 errors detected in the compilation of "C:/TI/CC3100SDK_1.3.0/cc3100-sdk/simplelink/source/wlan.c".
gmake: *** [simplelink/source/wlan.obj] Error 1
Building file: "C:/TI/CC3100SDK_1.3.0/cc3100-sdk/platform/tiva-c-launchpad/spi.c"
Invoking: ARM Compiler
"C:/TI/ccs920/ccs/tools/compiler/ti-cgt-arm_18.12.3.LTS/bin/armcl" -mv7M4 -me --include_path="C:/Users/Admin/Desktop/TECNICO/1-Semestre/SEMB/IOT Project/3- codeComposerWorkSpace/getting_started_with_wlan_station" --include_path="C:/TI/TivaWare_C_Series-2.1.4.178" --include_path="C:/TI/CC3100SDK_1.3.0/cc3100-sdk/examples/common" --include_path="C:/TI/CC3100SDK_1.3.0/cc3100-sdk/simplelink/include" --include_path="C:/TI/CC3100SDK_1.3.0/cc3100-sdk/simplelink/source" --include_path="C:/TI/CC3100SDK_1.3.0/cc3100-sdk/platform/tiva-c-launchpad" --include_path="C:/TI/ccs920/ccs/tools/compiler/ti-cgt-arm_18.12.3.LTS/include" --define=PART_TM4C123GH6PM --define=TARGET_IS_BLIZZARD_RA1=1 --define=_USE_CLI_ --define=ccs -g --diag_warning=225 --diag_wrap=off --display_error_number --preproc_with_compile --preproc_dependency="spi/spi.d_raw" --obj_directory="spi"  "C:/TI/CC3100SDK_1.3.0/cc3100-sdk/platform/tiva-c-launchpad/spi.c"
 
>> Compilation failure
spi/subdir_rules.mk:9: recipe for target 'spi/spi.obj' failed
"C:/TI/ccs920/ccs/tools/compiler/ti-cgt-arm_18.12.3.LTS/include/sys/_stdint.h", line 37: error #85: invalid combination of type specifiers
"C:/TI/ccs920/ccs/tools/compiler/ti-cgt-arm_18.12.3.LTS/include/sys/_stdint.h", line 43: error #85: invalid combination of type specifiers
"C:/TI/ccs920/ccs/tools/compiler/ti-cgt-arm_18.12.3.LTS/include/sys/_stdint.h", line 48: error #85: invalid combination of type specifiers
"C:/TI/ccs920/ccs/tools/compiler/ti-cgt-arm_18.12.3.LTS/include/sys/_stdint.h", line 59: error #85: invalid combination of type specifiers
"C:/TI/ccs920/ccs/tools/compiler/ti-cgt-arm_18.12.3.LTS/include/sys/_stdint.h", line 65: error #85: invalid combination of type specifiers
"C:/TI/ccs920/ccs/tools/compiler/ti-cgt-arm_18.12.3.LTS/include/sys/_stdint.h", line 70: error #85: invalid combination of type specifiers
"C:/TI/CC3100SDK_1.3.0/cc3100-sdk/platform/tiva-c-launchpad/spi.c", line 41: fatal error #1965: cannot open source file "hw_memmap.h"
6 errors and 1 catastrophic error detected in the compilation of "C:/TI/CC3100SDK_1.3.0/cc3100-sdk/platform/tiva-c-launchpad/spi.c".
Compilation terminated.
gmake: *** [spi/spi.obj] Error 1
Building file: "C:/TI/CC3100SDK_1.3.0/cc3100-sdk/platform/tiva-c-launchpad/timer_tick.c"
Invoking: ARM Compiler
"C:/TI/ccs920/ccs/tools/compiler/ti-cgt-arm_18.12.3.LTS/bin/armcl" -mv7M4 -me --include_path="C:/Users/Admin/Desktop/TECNICO/1-Semestre/SEMB/IOT Project/3- codeComposerWorkSpace/getting_started_with_wlan_station" --include_path="C:/TI/TivaWare_C_Series-2.1.4.178" --include_path="C:/TI/CC3100SDK_1.3.0/cc3100-sdk/examples/common" --include_path="C:/TI/CC3100SDK_1.3.0/cc3100-sdk/simplelink/include" --include_path="C:/TI/CC3100SDK_1.3.0/cc3100-sdk/simplelink/source" --include_path="C:/TI/CC3100SDK_1.3.0/cc3100-sdk/platform/tiva-c-launchpad" --include_path="C:/TI/ccs920/ccs/tools/compiler/ti-cgt-arm_18.12.3.LTS/include" --define=PART_TM4C123GH6PM --define=TARGET_IS_BLIZZARD_RA1=1 --define=_USE_CLI_ --define=ccs -g --diag_warning=225 --diag_wrap=off --display_error_number --preproc_with_compile --preproc_dependency="timer/timer_tick.d_raw" --obj_directory="timer"  "C:/TI/CC3100SDK_1.3.0/cc3100-sdk/platform/tiva-c-launchpad/timer_tick.c"
 
>> Compilation failure
timer/subdir_rules.mk:9: recipe for target 'timer/timer_tick.obj' failed
"C:/TI/CC3100SDK_1.3.0/cc3100-sdk/platform/tiva-c-launchpad/timer_tick.c", line 16: fatal error #1965: cannot open source file "hw_types.h"
1 catastrophic error detected in the compilation of "C:/TI/CC3100SDK_1.3.0/cc3100-sdk/platform/tiva-c-launchpad/timer_tick.c".
Compilation terminated.
gmake: *** [timer/timer_tick.obj] Error 1
Building file: "C:/TI/CC3100SDK_1.3.0/cc3100-sdk/platform/tiva-c-launchpad/uart.c"
Invoking: ARM Compiler
"C:/TI/ccs920/ccs/tools/compiler/ti-cgt-arm_18.12.3.LTS/bin/armcl" -mv7M4 -me --include_path="C:/Users/Admin/Desktop/TECNICO/1-Semestre/SEMB/IOT Project/3- codeComposerWorkSpace/getting_started_with_wlan_station" --include_path="C:/TI/TivaWare_C_Series-2.1.4.178" --include_path="C:/TI/CC3100SDK_1.3.0/cc3100-sdk/examples/common" --include_path="C:/TI/CC3100SDK_1.3.0/cc3100-sdk/simplelink/include" --include_path="C:/TI/CC3100SDK_1.3.0/cc3100-sdk/simplelink/source" --include_path="C:/TI/CC3100SDK_1.3.0/cc3100-sdk/platform/tiva-c-launchpad" --include_path="C:/TI/ccs920/ccs/tools/compiler/ti-cgt-arm_18.12.3.LTS/include" --define=PART_TM4C123GH6PM --define=TARGET_IS_BLIZZARD_RA1=1 --define=_USE_CLI_ --define=ccs -g --diag_warning=225 --diag_wrap=off --display_error_number --preproc_with_compile --preproc_dependency="uart/uart.d_raw" --obj_directory="uart"  "C:/TI/CC3100SDK_1.3.0/cc3100-sdk/platform/tiva-c-launchpad/uart.c"
Finished building: "C:/TI/CC3100SDK_1.3.0/cc3100-sdk/platform/tiva-c-launchpad/uart.c"
 
gmake: Target 'all' not remade because of errors.

**** Build Finished ****
