
**** Build of configuration Debug for project tivac_EK-TM4C123GXL_Ethernet ****

"C:\\TI\\ccs920\\ccs\\utils\\bin\\gmake" -k -j 8 all -O 
 
Building file: "C:/Users/Admin/AppData/Local/Energia15/packages/energia/hardware/tivac/1.0.3/libraries/Ethernet/Ethernet.cpp"
Invoking: GNU Compiler
"C:/Users/Admin/AppData/Local/Energia15/packages/energia/tools/arm-none-eabi-gcc/6.3.1-20170620/bin/arm-none-eabi-gcc-6.3.1.exe" -c -mcpu=cortex-m4 -march=armv7e-m -mthumb -mfloat-abi=hard -mfpu=fpv4-sp-d16 -Dprintf=iprintf -DF_CPU=80000000L -DENERGIA_EK_TM4C123GXL -DENERGIA_ARCH_TIVAC -DENERGIA=21 -DARDUINO=10610 -I"C:/Users/Admin/AppData/Local/Energia15/packages/energia/hardware/tivac/1.0.3/system/driverlib" -I"C:/Users/Admin/AppData/Local/Energia15/packages/energia/hardware/tivac/1.0.3/system/inc" -I"C:/Users/Admin/AppData/Local/Energia15/packages/energia/hardware/tivac/1.0.3/system" -I"C:/Users/Admin/AppData/Local/Energia15/packages/energia/hardware/tivac/1.0.3/cores/tivac" -I"C:/Users/Admin/AppData/Local/Energia15/packages/energia/hardware/tivac/1.0.3/variants/EK-TM4C123GXL" -I"C:/Users/Admin/Desktop/TECNICO/1-Semestre/SEMB/IOT Project/3- codeComposerWorkSpace/tivac_EK-TM4C123GXL_Ethernet" -I"C:/Users/Admin/AppData/Local/Energia15/packages/energia/hardware/tivac/1.0.3/libraries/Ethernet" -I"C:/Users/Admin/AppData/Local/Energia15/packages/energia/hardware/tivac/1.0.3/libraries/Ethernet/utility" -I"C:/Users/Admin/AppData/Local/Energia15/packages/energia/tools/arm-none-eabi-gcc/6.3.1-20170620/arm-none-eabi/include" -Os -ffunction-sections -fdata-sections -g -gdwarf-3 -gstrict-dwarf -w -Wall --param max-inline-insns-single=500 -mabi=aapcs -MMD -MP -MF"Ethernet.d" -MT"Ethernet.d" -std=gnu++11 -fno-rtti -fno-threadsafe-statics -fno-exceptions  -o"Ethernet.o" "C:/Users/Admin/AppData/Local/Energia15/packages/energia/hardware/tivac/1.0.3/libraries/Ethernet/Ethernet.cpp"
subdir_rules.mk:9: recipe for target 'Ethernet.o' failed
In file included from C:/Users/Admin/AppData/Local/Energia15/packages/energia/hardware/tivac/1.0.3/libraries/Ethernet/Ethernet.cpp:3:0:
C:/Users/Admin/AppData/Local/Energia15/packages/energia/hardware/tivac/1.0.3/libraries/Ethernet/Ethernet.cpp: In member function 'void EthernetClass::begin(uint8_t*, IPAddress, IPAddress, IPAddress, IPAddress)':
C:/Users/Admin/AppData/Local/Energia15/packages/energia/hardware/tivac/1.0.3/system/inc/hw_ints.h:367:44: error: 'INT_EMAC0_TM4C123' was not declared in this scope
 #define INT_EMAC0               INT_CONCAT(INT_EMAC0_, INT_DEVICE_CLASS)
                                            ^
C:/Users/Admin/AppData/Local/Energia15/packages/energia/hardware/tivac/1.0.3/system/inc/hw_ints.h:317:37: note: in definition of macro 'INT_RESOLVE'
 #define INT_RESOLVE(intname, class) intname##TM4C123
                                     ^~~~~~~
C:/Users/Admin/AppData/Local/Energia15/packages/energia/hardware/tivac/1.0.3/system/inc/hw_ints.h:367:33: note: in expansion of macro 'INT_CONCAT'
 #define INT_EMAC0               INT_CONCAT(INT_EMAC0_, INT_DEVICE_CLASS)
                                 ^~~~~~~~~~
C:/Users/Admin/AppData/Local/Energia15/packages/energia/hardware/tivac/1.0.3/libraries/Ethernet/Ethernet.cpp:28:21: note: in expansion of macro 'INT_EMAC0'
  ROM_IntPrioritySet(INT_EMAC0, ETHERNET_INT_PRIORITY);
                     ^~~~~~~~~
C:/Users/Admin/AppData/Local/Energia15/packages/energia/hardware/tivac/1.0.3/libraries/Ethernet/Ethernet.cpp: In member function 'void EthernetClass::enableLinkLed()':
C:/Users/Admin/AppData/Local/Energia15/packages/energia/hardware/tivac/1.0.3/libraries/Ethernet/Ethernet.cpp:109:23: error: 'LINK_LED' was not declared in this scope
  ROM_GPIOPinConfigure(LINK_LED);
                       ^~~~~~~~
C:/Users/Admin/AppData/Local/Energia15/packages/energia/hardware/tivac/1.0.3/libraries/Ethernet/Ethernet.cpp:110:25: error: 'LINK_LED_BASE' was not declared in this scope
  GPIOPinTypeEthernetLED(LINK_LED_BASE, LINK_LED_PIN);
                         ^~~~~~~~~~~~~
C:/Users/Admin/AppData/Local/Energia15/packages/energia/hardware/tivac/1.0.3/libraries/Ethernet/Ethernet.cpp:110:40: error: 'LINK_LED_PIN' was not declared in this scope
  GPIOPinTypeEthernetLED(LINK_LED_BASE, LINK_LED_PIN);
                                        ^~~~~~~~~~~~
C:/Users/Admin/AppData/Local/Energia15/packages/energia/hardware/tivac/1.0.3/libraries/Ethernet/Ethernet.cpp: In member function 'void EthernetClass::enableActivityLed()':
C:/Users/Admin/AppData/Local/Energia15/packages/energia/hardware/tivac/1.0.3/libraries/Ethernet/Ethernet.cpp:115:23: error: 'ACTIVITY_LED' was not declared in this scope
  ROM_GPIOPinConfigure(ACTIVITY_LED);
                       ^~~~~~~~~~~~
C:/Users/Admin/AppData/Local/Energia15/packages/energia/hardware/tivac/1.0.3/libraries/Ethernet/Ethernet.cpp:116:25: error: 'ACTIVITY_LED_BASE' was not declared in this scope
  GPIOPinTypeEthernetLED(ACTIVITY_LED_BASE, ACTIVITY_LED_PIN);
                         ^~~~~~~~~~~~~~~~~
C:/Users/Admin/AppData/Local/Energia15/packages/energia/hardware/tivac/1.0.3/libraries/Ethernet/Ethernet.cpp:116:44: error: 'ACTIVITY_LED_PIN' was not declared in this scope
  GPIOPinTypeEthernetLED(ACTIVITY_LED_BASE, ACTIVITY_LED_PIN);
                                            ^~~~~~~~~~~~~~~~
gmake: *** [Ethernet.o] Error 1
Building file: "C:/Users/Admin/AppData/Local/Energia15/packages/energia/hardware/tivac/1.0.3/libraries/Ethernet/EthernetUdp.cpp"
Invoking: GNU Compiler
"C:/Users/Admin/AppData/Local/Energia15/packages/energia/tools/arm-none-eabi-gcc/6.3.1-20170620/bin/arm-none-eabi-gcc-6.3.1.exe" -c -mcpu=cortex-m4 -march=armv7e-m -mthumb -mfloat-abi=hard -mfpu=fpv4-sp-d16 -Dprintf=iprintf -DF_CPU=80000000L -DENERGIA_EK_TM4C123GXL -DENERGIA_ARCH_TIVAC -DENERGIA=21 -DARDUINO=10610 -I"C:/Users/Admin/AppData/Local/Energia15/packages/energia/hardware/tivac/1.0.3/system/driverlib" -I"C:/Users/Admin/AppData/Local/Energia15/packages/energia/hardware/tivac/1.0.3/system/inc" -I"C:/Users/Admin/AppData/Local/Energia15/packages/energia/hardware/tivac/1.0.3/system" -I"C:/Users/Admin/AppData/Local/Energia15/packages/energia/hardware/tivac/1.0.3/cores/tivac" -I"C:/Users/Admin/AppData/Local/Energia15/packages/energia/hardware/tivac/1.0.3/variants/EK-TM4C123GXL" -I"C:/Users/Admin/Desktop/TECNICO/1-Semestre/SEMB/IOT Project/3- codeComposerWorkSpace/tivac_EK-TM4C123GXL_Ethernet" -I"C:/Users/Admin/AppData/Local/Energia15/packages/energia/hardware/tivac/1.0.3/libraries/Ethernet" -I"C:/Users/Admin/AppData/Local/Energia15/packages/energia/hardware/tivac/1.0.3/libraries/Ethernet/utility" -I"C:/Users/Admin/AppData/Local/Energia15/packages/energia/tools/arm-none-eabi-gcc/6.3.1-20170620/arm-none-eabi/include" -Os -ffunction-sections -fdata-sections -g -gdwarf-3 -gstrict-dwarf -w -Wall --param max-inline-insns-single=500 -mabi=aapcs -MMD -MP -MF"EthernetUdp.d" -MT"EthernetUdp.d" -std=gnu++11 -fno-rtti -fno-threadsafe-statics -fno-exceptions  -o"EthernetUdp.o" "C:/Users/Admin/AppData/Local/Energia15/packages/energia/hardware/tivac/1.0.3/libraries/Ethernet/EthernetUdp.cpp"
Finished building: "C:/Users/Admin/AppData/Local/Energia15/packages/energia/hardware/tivac/1.0.3/libraries/Ethernet/EthernetUdp.cpp"
 
Building file: "C:/Users/Admin/AppData/Local/Energia15/packages/energia/hardware/tivac/1.0.3/libraries/Ethernet/EthernetServer.cpp"
Invoking: GNU Compiler
"C:/Users/Admin/AppData/Local/Energia15/packages/energia/tools/arm-none-eabi-gcc/6.3.1-20170620/bin/arm-none-eabi-gcc-6.3.1.exe" -c -mcpu=cortex-m4 -march=armv7e-m -mthumb -mfloat-abi=hard -mfpu=fpv4-sp-d16 -Dprintf=iprintf -DF_CPU=80000000L -DENERGIA_EK_TM4C123GXL -DENERGIA_ARCH_TIVAC -DENERGIA=21 -DARDUINO=10610 -I"C:/Users/Admin/AppData/Local/Energia15/packages/energia/hardware/tivac/1.0.3/system/driverlib" -I"C:/Users/Admin/AppData/Local/Energia15/packages/energia/hardware/tivac/1.0.3/system/inc" -I"C:/Users/Admin/AppData/Local/Energia15/packages/energia/hardware/tivac/1.0.3/system" -I"C:/Users/Admin/AppData/Local/Energia15/packages/energia/hardware/tivac/1.0.3/cores/tivac" -I"C:/Users/Admin/AppData/Local/Energia15/packages/energia/hardware/tivac/1.0.3/variants/EK-TM4C123GXL" -I"C:/Users/Admin/Desktop/TECNICO/1-Semestre/SEMB/IOT Project/3- codeComposerWorkSpace/tivac_EK-TM4C123GXL_Ethernet" -I"C:/Users/Admin/AppData/Local/Energia15/packages/energia/hardware/tivac/1.0.3/libraries/Ethernet" -I"C:/Users/Admin/AppData/Local/Energia15/packages/energia/hardware/tivac/1.0.3/libraries/Ethernet/utility" -I"C:/Users/Admin/AppData/Local/Energia15/packages/energia/tools/arm-none-eabi-gcc/6.3.1-20170620/arm-none-eabi/include" -Os -ffunction-sections -fdata-sections -g -gdwarf-3 -gstrict-dwarf -w -Wall --param max-inline-insns-single=500 -mabi=aapcs -MMD -MP -MF"EthernetServer.d" -MT"EthernetServer.d" -std=gnu++11 -fno-rtti -fno-threadsafe-statics -fno-exceptions  -o"EthernetServer.o" "C:/Users/Admin/AppData/Local/Energia15/packages/energia/hardware/tivac/1.0.3/libraries/Ethernet/EthernetServer.cpp"
Finished building: "C:/Users/Admin/AppData/Local/Energia15/packages/energia/hardware/tivac/1.0.3/libraries/Ethernet/EthernetServer.cpp"
 
Building file: "C:/Users/Admin/AppData/Local/Energia15/packages/energia/hardware/tivac/1.0.3/libraries/Ethernet/EthernetClient.cpp"
Invoking: GNU Compiler
"C:/Users/Admin/AppData/Local/Energia15/packages/energia/tools/arm-none-eabi-gcc/6.3.1-20170620/bin/arm-none-eabi-gcc-6.3.1.exe" -c -mcpu=cortex-m4 -march=armv7e-m -mthumb -mfloat-abi=hard -mfpu=fpv4-sp-d16 -Dprintf=iprintf -DF_CPU=80000000L -DENERGIA_EK_TM4C123GXL -DENERGIA_ARCH_TIVAC -DENERGIA=21 -DARDUINO=10610 -I"C:/Users/Admin/AppData/Local/Energia15/packages/energia/hardware/tivac/1.0.3/system/driverlib" -I"C:/Users/Admin/AppData/Local/Energia15/packages/energia/hardware/tivac/1.0.3/system/inc" -I"C:/Users/Admin/AppData/Local/Energia15/packages/energia/hardware/tivac/1.0.3/system" -I"C:/Users/Admin/AppData/Local/Energia15/packages/energia/hardware/tivac/1.0.3/cores/tivac" -I"C:/Users/Admin/AppData/Local/Energia15/packages/energia/hardware/tivac/1.0.3/variants/EK-TM4C123GXL" -I"C:/Users/Admin/Desktop/TECNICO/1-Semestre/SEMB/IOT Project/3- codeComposerWorkSpace/tivac_EK-TM4C123GXL_Ethernet" -I"C:/Users/Admin/AppData/Local/Energia15/packages/energia/hardware/tivac/1.0.3/libraries/Ethernet" -I"C:/Users/Admin/AppData/Local/Energia15/packages/energia/hardware/tivac/1.0.3/libraries/Ethernet/utility" -I"C:/Users/Admin/AppData/Local/Energia15/packages/energia/tools/arm-none-eabi-gcc/6.3.1-20170620/arm-none-eabi/include" -Os -ffunction-sections -fdata-sections -g -gdwarf-3 -gstrict-dwarf -w -Wall --param max-inline-insns-single=500 -mabi=aapcs -MMD -MP -MF"EthernetClient.d" -MT"EthernetClient.d" -std=gnu++11 -fno-rtti -fno-threadsafe-statics -fno-exceptions  -o"EthernetClient.o" "C:/Users/Admin/AppData/Local/Energia15/packages/energia/hardware/tivac/1.0.3/libraries/Ethernet/EthernetClient.cpp"
Finished building: "C:/Users/Admin/AppData/Local/Energia15/packages/energia/hardware/tivac/1.0.3/libraries/Ethernet/EthernetClient.cpp"
 
Building file: "C:/Users/Admin/AppData/Local/Energia15/packages/energia/hardware/tivac/1.0.3/libraries/Ethernet/utility/api_msg.c"
Invoking: GNU Compiler
"C:/Users/Admin/AppData/Local/Energia15/packages/energia/tools/arm-none-eabi-gcc/6.3.1-20170620/bin/arm-none-eabi-gcc-6.3.1.exe" -c -mcpu=cortex-m4 -march=armv7e-m -mthumb -mfloat-abi=hard -mfpu=fpv4-sp-d16 -Dprintf=iprintf -DF_CPU=80000000L -DENERGIA_EK_TM4C123GXL -DENERGIA_ARCH_TIVAC -DENERGIA=21 -DARDUINO=10610 -I"C:/Users/Admin/AppData/Local/Energia15/packages/energia/hardware/tivac/1.0.3/system/driverlib" -I"C:/Users/Admin/AppData/Local/Energia15/packages/energia/hardware/tivac/1.0.3/system/inc" -I"C:/Users/Admin/AppData/Local/Energia15/packages/energia/hardware/tivac/1.0.3/system" -I"C:/Users/Admin/AppData/Local/Energia15/packages/energia/hardware/tivac/1.0.3/cores/tivac" -I"C:/Users/Admin/AppData/Local/Energia15/packages/energia/hardware/tivac/1.0.3/variants/EK-TM4C123GXL" -I"C:/Users/Admin/Desktop/TECNICO/1-Semestre/SEMB/IOT Project/3- codeComposerWorkSpace/tivac_EK-TM4C123GXL_Ethernet" -I"C:/Users/Admin/AppData/Local/Energia15/packages/energia/hardware/tivac/1.0.3/libraries/Ethernet" -I"C:/Users/Admin/AppData/Local/Energia15/packages/energia/hardware/tivac/1.0.3/libraries/Ethernet/utility" -I"C:/Users/Admin/AppData/Local/Energia15/packages/energia/tools/arm-none-eabi-gcc/6.3.1-20170620/arm-none-eabi/include" -Os -ffunction-sections -fdata-sections -g -gdwarf-3 -gstrict-dwarf -w -Wall --param max-inline-insns-single=500 -mabi=aapcs -MMD -MP -MF"utility/api_msg.d" -MT"utility/api_msg.d" -std=gnu11  -o"utility/api_msg.o" "C:/Users/Admin/AppData/Local/Energia15/packages/energia/hardware/tivac/1.0.3/libraries/Ethernet/utility/api_msg.c"
Finished building: "C:/Users/Admin/AppData/Local/Energia15/packages/energia/hardware/tivac/1.0.3/libraries/Ethernet/utility/api_msg.c"
 
Building file: "C:/Users/Admin/AppData/Local/Energia15/packages/energia/hardware/tivac/1.0.3/libraries/Ethernet/utility/api_lib.c"
Invoking: GNU Compiler
"C:/Users/Admin/AppData/Local/Energia15/packages/energia/tools/arm-none-eabi-gcc/6.3.1-20170620/bin/arm-none-eabi-gcc-6.3.1.exe" -c -mcpu=cortex-m4 -march=armv7e-m -mthumb -mfloat-abi=hard -mfpu=fpv4-sp-d16 -Dprintf=iprintf -DF_CPU=80000000L -DENERGIA_EK_TM4C123GXL -DENERGIA_ARCH_TIVAC -DENERGIA=21 -DARDUINO=10610 -I"C:/Users/Admin/AppData/Local/Energia15/packages/energia/hardware/tivac/1.0.3/system/driverlib" -I"C:/Users/Admin/AppData/Local/Energia15/packages/energia/hardware/tivac/1.0.3/system/inc" -I"C:/Users/Admin/AppData/Local/Energia15/packages/energia/hardware/tivac/1.0.3/system" -I"C:/Users/Admin/AppData/Local/Energia15/packages/energia/hardware/tivac/1.0.3/cores/tivac" -I"C:/Users/Admin/AppData/Local/Energia15/packages/energia/hardware/tivac/1.0.3/variants/EK-TM4C123GXL" -I"C:/Users/Admin/Desktop/TECNICO/1-Semestre/SEMB/IOT Project/3- codeComposerWorkSpace/tivac_EK-TM4C123GXL_Ethernet" -I"C:/Users/Admin/AppData/Local/Energia15/packages/energia/hardware/tivac/1.0.3/libraries/Ethernet" -I"C:/Users/Admin/AppData/Local/Energia15/packages/energia/hardware/tivac/1.0.3/libraries/Ethernet/utility" -I"C:/Users/Admin/AppData/Local/Energia15/packages/energia/tools/arm-none-eabi-gcc/6.3.1-20170620/arm-none-eabi/include" -Os -ffunction-sections -fdata-sections -g -gdwarf-3 -gstrict-dwarf -w -Wall --param max-inline-insns-single=500 -mabi=aapcs -MMD -MP -MF"utility/api_lib.d" -MT"utility/api_lib.d" -std=gnu11  -o"utility/api_lib.o" "C:/Users/Admin/AppData/Local/Energia15/packages/energia/hardware/tivac/1.0.3/libraries/Ethernet/utility/api_lib.c"
Finished building: "C:/Users/Admin/AppData/Local/Energia15/packages/energia/hardware/tivac/1.0.3/libraries/Ethernet/utility/api_lib.c"
 
Building file: "C:/Users/Admin/AppData/Local/Energia15/packages/energia/hardware/tivac/1.0.3/libraries/Ethernet/utility/def.c"
Invoking: GNU Compiler
"C:/Users/Admin/AppData/Local/Energia15/packages/energia/tools/arm-none-eabi-gcc/6.3.1-20170620/bin/arm-none-eabi-gcc-6.3.1.exe" -c -mcpu=cortex-m4 -march=armv7e-m -mthumb -mfloat-abi=hard -mfpu=fpv4-sp-d16 -Dprintf=iprintf -DF_CPU=80000000L -DENERGIA_EK_TM4C123GXL -DENERGIA_ARCH_TIVAC -DENERGIA=21 -DARDUINO=10610 -I"C:/Users/Admin/AppData/Local/Energia15/packages/energia/hardware/tivac/1.0.3/system/driverlib" -I"C:/Users/Admin/AppData/Local/Energia15/packages/energia/hardware/tivac/1.0.3/system/inc" -I"C:/Users/Admin/AppData/Local/Energia15/packages/energia/hardware/tivac/1.0.3/system" -I"C:/Users/Admin/AppData/Local/Energia15/packages/energia/hardware/tivac/1.0.3/cores/tivac" -I"C:/Users/Admin/AppData/Local/Energia15/packages/energia/hardware/tivac/1.0.3/variants/EK-TM4C123GXL" -I"C:/Users/Admin/Desktop/TECNICO/1-Semestre/SEMB/IOT Project/3- codeComposerWorkSpace/tivac_EK-TM4C123GXL_Ethernet" -I"C:/Users/Admin/AppData/Local/Energia15/packages/energia/hardware/tivac/1.0.3/libraries/Ethernet" -I"C:/Users/Admin/AppData/Local/Energia15/packages/energia/hardware/tivac/1.0.3/libraries/Ethernet/utility" -I"C:/Users/Admin/AppData/Local/Energia15/packages/energia/tools/arm-none-eabi-gcc/6.3.1-20170620/arm-none-eabi/include" -Os -ffunction-sections -fdata-sections -g -gdwarf-3 -gstrict-dwarf -w -Wall --param max-inline-insns-single=500 -mabi=aapcs -MMD -MP -MF"utility/def.d" -MT"utility/def.d" -std=gnu11  -o"utility/def.o" "C:/Users/Admin/AppData/Local/Energia15/packages/energia/hardware/tivac/1.0.3/libraries/Ethernet/utility/def.c"
Finished building: "C:/Users/Admin/AppData/Local/Energia15/packages/energia/hardware/tivac/1.0.3/libraries/Ethernet/utility/def.c"
 
Building file: "C:/Users/Admin/AppData/Local/Energia15/packages/energia/hardware/tivac/1.0.3/libraries/Ethernet/utility/err.c"
Invoking: GNU Compiler
"C:/Users/Admin/AppData/Local/Energia15/packages/energia/tools/arm-none-eabi-gcc/6.3.1-20170620/bin/arm-none-eabi-gcc-6.3.1.exe" -c -mcpu=cortex-m4 -march=armv7e-m -mthumb -mfloat-abi=hard -mfpu=fpv4-sp-d16 -Dprintf=iprintf -DF_CPU=80000000L -DENERGIA_EK_TM4C123GXL -DENERGIA_ARCH_TIVAC -DENERGIA=21 -DARDUINO=10610 -I"C:/Users/Admin/AppData/Local/Energia15/packages/energia/hardware/tivac/1.0.3/system/driverlib" -I"C:/Users/Admin/AppData/Local/Energia15/packages/energia/hardware/tivac/1.0.3/system/inc" -I"C:/Users/Admin/AppData/Local/Energia15/packages/energia/hardware/tivac/1.0.3/system" -I"C:/Users/Admin/AppData/Local/Energia15/packages/energia/hardware/tivac/1.0.3/cores/tivac" -I"C:/Users/Admin/AppData/Local/Energia15/packages/energia/hardware/tivac/1.0.3/variants/EK-TM4C123GXL" -I"C:/Users/Admin/Desktop/TECNICO/1-Semestre/SEMB/IOT Project/3- codeComposerWorkSpace/tivac_EK-TM4C123GXL_Ethernet" -I"C:/Users/Admin/AppData/Local/Energia15/packages/energia/hardware/tivac/1.0.3/libraries/Ethernet" -I"C:/Users/Admin/AppData/Local/Energia15/packages/energia/hardware/tivac/1.0.3/libraries/Ethernet/utility" -I"C:/Users/Admin/AppData/Local/Energia15/packages/energia/tools/arm-none-eabi-gcc/6.3.1-20170620/arm-none-eabi/include" -Os -ffunction-sections -fdata-sections -g -gdwarf-3 -gstrict-dwarf -w -Wall --param max-inline-insns-single=500 -mabi=aapcs -MMD -MP -MF"utility/err.d" -MT"utility/err.d" -std=gnu11  -o"utility/err.o" "C:/Users/Admin/AppData/Local/Energia15/packages/energia/hardware/tivac/1.0.3/libraries/Ethernet/utility/err.c"
Finished building: "C:/Users/Admin/AppData/Local/Energia15/packages/energia/hardware/tivac/1.0.3/libraries/Ethernet/utility/err.c"
 
Building file: "C:/Users/Admin/AppData/Local/Energia15/packages/energia/hardware/tivac/1.0.3/libraries/Ethernet/utility/autoip.c"
Invoking: GNU Compiler
"C:/Users/Admin/AppData/Local/Energia15/packages/energia/tools/arm-none-eabi-gcc/6.3.1-20170620/bin/arm-none-eabi-gcc-6.3.1.exe" -c -mcpu=cortex-m4 -march=armv7e-m -mthumb -mfloat-abi=hard -mfpu=fpv4-sp-d16 -Dprintf=iprintf -DF_CPU=80000000L -DENERGIA_EK_TM4C123GXL -DENERGIA_ARCH_TIVAC -DENERGIA=21 -DARDUINO=10610 -I"C:/Users/Admin/AppData/Local/Energia15/packages/energia/hardware/tivac/1.0.3/system/driverlib" -I"C:/Users/Admin/AppData/Local/Energia15/packages/energia/hardware/tivac/1.0.3/system/inc" -I"C:/Users/Admin/AppData/Local/Energia15/packages/energia/hardware/tivac/1.0.3/system" -I"C:/Users/Admin/AppData/Local/Energia15/packages/energia/hardware/tivac/1.0.3/cores/tivac" -I"C:/Users/Admin/AppData/Local/Energia15/packages/energia/hardware/tivac/1.0.3/variants/EK-TM4C123GXL" -I"C:/Users/Admin/Desktop/TECNICO/1-Semestre/SEMB/IOT Project/3- codeComposerWorkSpace/tivac_EK-TM4C123GXL_Ethernet" -I"C:/Users/Admin/AppData/Local/Energia15/packages/energia/hardware/tivac/1.0.3/libraries/Ethernet" -I"C:/Users/Admin/AppData/Local/Energia15/packages/energia/hardware/tivac/1.0.3/libraries/Ethernet/utility" -I"C:/Users/Admin/AppData/Local/Energia15/packages/energia/tools/arm-none-eabi-gcc/6.3.1-20170620/arm-none-eabi/include" -Os -ffunction-sections -fdata-sections -g -gdwarf-3 -gstrict-dwarf -w -Wall --param max-inline-insns-single=500 -mabi=aapcs -MMD -MP -MF"utility/autoip.d" -MT"utility/autoip.d" -std=gnu11  -o"utility/autoip.o" "C:/Users/Admin/AppData/Local/Energia15/packages/energia/hardware/tivac/1.0.3/libraries/Ethernet/utility/autoip.c"
Finished building: "C:/Users/Admin/AppData/Local/Energia15/packages/energia/hardware/tivac/1.0.3/libraries/Ethernet/utility/autoip.c"
 
Building file: "C:/Users/Admin/AppData/Local/Energia15/packages/energia/hardware/tivac/1.0.3/libraries/Ethernet/utility/dns.c"
Invoking: GNU Compiler
"C:/Users/Admin/AppData/Local/Energia15/packages/energia/tools/arm-none-eabi-gcc/6.3.1-20170620/bin/arm-none-eabi-gcc-6.3.1.exe" -c -mcpu=cortex-m4 -march=armv7e-m -mthumb -mfloat-abi=hard -mfpu=fpv4-sp-d16 -Dprintf=iprintf -DF_CPU=80000000L -DENERGIA_EK_TM4C123GXL -DENERGIA_ARCH_TIVAC -DENERGIA=21 -DARDUINO=10610 -I"C:/Users/Admin/AppData/Local/Energia15/packages/energia/hardware/tivac/1.0.3/system/driverlib" -I"C:/Users/Admin/AppData/Local/Energia15/packages/energia/hardware/tivac/1.0.3/system/inc" -I"C:/Users/Admin/AppData/Local/Energia15/packages/energia/hardware/tivac/1.0.3/system" -I"C:/Users/Admin/AppData/Local/Energia15/packages/energia/hardware/tivac/1.0.3/cores/tivac" -I"C:/Users/Admin/AppData/Local/Energia15/packages/energia/hardware/tivac/1.0.3/variants/EK-TM4C123GXL" -I"C:/Users/Admin/Desktop/TECNICO/1-Semestre/SEMB/IOT Project/3- codeComposerWorkSpace/tivac_EK-TM4C123GXL_Ethernet" -I"C:/Users/Admin/AppData/Local/Energia15/packages/energia/hardware/tivac/1.0.3/libraries/Ethernet" -I"C:/Users/Admin/AppData/Local/Energia15/packages/energia/hardware/tivac/1.0.3/libraries/Ethernet/utility" -I"C:/Users/Admin/AppData/Local/Energia15/packages/energia/tools/arm-none-eabi-gcc/6.3.1-20170620/arm-none-eabi/include" -Os -ffunction-sections -fdata-sections -g -gdwarf-3 -gstrict-dwarf -w -Wall --param max-inline-insns-single=500 -mabi=aapcs -MMD -MP -MF"utility/dns.d" -MT"utility/dns.d" -std=gnu11  -o"utility/dns.o" "C:/Users/Admin/AppData/Local/Energia15/packages/energia/hardware/tivac/1.0.3/libraries/Ethernet/utility/dns.c"
Finished building: "C:/Users/Admin/AppData/Local/Energia15/packages/energia/hardware/tivac/1.0.3/libraries/Ethernet/utility/dns.c"
 
Building file: "C:/Users/Admin/AppData/Local/Energia15/packages/energia/hardware/tivac/1.0.3/libraries/Ethernet/utility/etharp.c"
Invoking: GNU Compiler
"C:/Users/Admin/AppData/Local/Energia15/packages/energia/tools/arm-none-eabi-gcc/6.3.1-20170620/bin/arm-none-eabi-gcc-6.3.1.exe" -c -mcpu=cortex-m4 -march=armv7e-m -mthumb -mfloat-abi=hard -mfpu=fpv4-sp-d16 -Dprintf=iprintf -DF_CPU=80000000L -DENERGIA_EK_TM4C123GXL -DENERGIA_ARCH_TIVAC -DENERGIA=21 -DARDUINO=10610 -I"C:/Users/Admin/AppData/Local/Energia15/packages/energia/hardware/tivac/1.0.3/system/driverlib" -I"C:/Users/Admin/AppData/Local/Energia15/packages/energia/hardware/tivac/1.0.3/system/inc" -I"C:/Users/Admin/AppData/Local/Energia15/packages/energia/hardware/tivac/1.0.3/system" -I"C:/Users/Admin/AppData/Local/Energia15/packages/energia/hardware/tivac/1.0.3/cores/tivac" -I"C:/Users/Admin/AppData/Local/Energia15/packages/energia/hardware/tivac/1.0.3/variants/EK-TM4C123GXL" -I"C:/Users/Admin/Desktop/TECNICO/1-Semestre/SEMB/IOT Project/3- codeComposerWorkSpace/tivac_EK-TM4C123GXL_Ethernet" -I"C:/Users/Admin/AppData/Local/Energia15/packages/energia/hardware/tivac/1.0.3/libraries/Ethernet" -I"C:/Users/Admin/AppData/Local/Energia15/packages/energia/hardware/tivac/1.0.3/libraries/Ethernet/utility" -I"C:/Users/Admin/AppData/Local/Energia15/packages/energia/tools/arm-none-eabi-gcc/6.3.1-20170620/arm-none-eabi/include" -Os -ffunction-sections -fdata-sections -g -gdwarf-3 -gstrict-dwarf -w -Wall --param max-inline-insns-single=500 -mabi=aapcs -MMD -MP -MF"utility/etharp.d" -MT"utility/etharp.d" -std=gnu11  -o"utility/etharp.o" "C:/Users/Admin/AppData/Local/Energia15/packages/energia/hardware/tivac/1.0.3/libraries/Ethernet/utility/etharp.c"
Finished building: "C:/Users/Admin/AppData/Local/Energia15/packages/energia/hardware/tivac/1.0.3/libraries/Ethernet/utility/etharp.c"
 
Building file: "C:/Users/Admin/AppData/Local/Energia15/packages/energia/hardware/tivac/1.0.3/libraries/Ethernet/utility/dhcp.c"
Invoking: GNU Compiler
"C:/Users/Admin/AppData/Local/Energia15/packages/energia/tools/arm-none-eabi-gcc/6.3.1-20170620/bin/arm-none-eabi-gcc-6.3.1.exe" -c -mcpu=cortex-m4 -march=armv7e-m -mthumb -mfloat-abi=hard -mfpu=fpv4-sp-d16 -Dprintf=iprintf -DF_CPU=80000000L -DENERGIA_EK_TM4C123GXL -DENERGIA_ARCH_TIVAC -DENERGIA=21 -DARDUINO=10610 -I"C:/Users/Admin/AppData/Local/Energia15/packages/energia/hardware/tivac/1.0.3/system/driverlib" -I"C:/Users/Admin/AppData/Local/Energia15/packages/energia/hardware/tivac/1.0.3/system/inc" -I"C:/Users/Admin/AppData/Local/Energia15/packages/energia/hardware/tivac/1.0.3/system" -I"C:/Users/Admin/AppData/Local/Energia15/packages/energia/hardware/tivac/1.0.3/cores/tivac" -I"C:/Users/Admin/AppData/Local/Energia15/packages/energia/hardware/tivac/1.0.3/variants/EK-TM4C123GXL" -I"C:/Users/Admin/Desktop/TECNICO/1-Semestre/SEMB/IOT Project/3- codeComposerWorkSpace/tivac_EK-TM4C123GXL_Ethernet" -I"C:/Users/Admin/AppData/Local/Energia15/packages/energia/hardware/tivac/1.0.3/libraries/Ethernet" -I"C:/Users/Admin/AppData/Local/Energia15/packages/energia/hardware/tivac/1.0.3/libraries/Ethernet/utility" -I"C:/Users/Admin/AppData/Local/Energia15/packages/energia/tools/arm-none-eabi-gcc/6.3.1-20170620/arm-none-eabi/include" -Os -ffunction-sections -fdata-sections -g -gdwarf-3 -gstrict-dwarf -w -Wall --param max-inline-insns-single=500 -mabi=aapcs -MMD -MP -MF"utility/dhcp.d" -MT"utility/dhcp.d" -std=gnu11  -o"utility/dhcp.o" "C:/Users/Admin/AppData/Local/Energia15/packages/energia/hardware/tivac/1.0.3/libraries/Ethernet/utility/dhcp.c"
Finished building: "C:/Users/Admin/AppData/Local/Energia15/packages/energia/hardware/tivac/1.0.3/libraries/Ethernet/utility/dhcp.c"
 
Building file: "C:/Users/Admin/AppData/Local/Energia15/packages/energia/hardware/tivac/1.0.3/libraries/Ethernet/utility/ethernetif.c"
Invoking: GNU Compiler
"C:/Users/Admin/AppData/Local/Energia15/packages/energia/tools/arm-none-eabi-gcc/6.3.1-20170620/bin/arm-none-eabi-gcc-6.3.1.exe" -c -mcpu=cortex-m4 -march=armv7e-m -mthumb -mfloat-abi=hard -mfpu=fpv4-sp-d16 -Dprintf=iprintf -DF_CPU=80000000L -DENERGIA_EK_TM4C123GXL -DENERGIA_ARCH_TIVAC -DENERGIA=21 -DARDUINO=10610 -I"C:/Users/Admin/AppData/Local/Energia15/packages/energia/hardware/tivac/1.0.3/system/driverlib" -I"C:/Users/Admin/AppData/Local/Energia15/packages/energia/hardware/tivac/1.0.3/system/inc" -I"C:/Users/Admin/AppData/Local/Energia15/packages/energia/hardware/tivac/1.0.3/system" -I"C:/Users/Admin/AppData/Local/Energia15/packages/energia/hardware/tivac/1.0.3/cores/tivac" -I"C:/Users/Admin/AppData/Local/Energia15/packages/energia/hardware/tivac/1.0.3/variants/EK-TM4C123GXL" -I"C:/Users/Admin/Desktop/TECNICO/1-Semestre/SEMB/IOT Project/3- codeComposerWorkSpace/tivac_EK-TM4C123GXL_Ethernet" -I"C:/Users/Admin/AppData/Local/Energia15/packages/energia/hardware/tivac/1.0.3/libraries/Ethernet" -I"C:/Users/Admin/AppData/Local/Energia15/packages/energia/hardware/tivac/1.0.3/libraries/Ethernet/utility" -I"C:/Users/Admin/AppData/Local/Energia15/packages/energia/tools/arm-none-eabi-gcc/6.3.1-20170620/arm-none-eabi/include" -Os -ffunction-sections -fdata-sections -g -gdwarf-3 -gstrict-dwarf -w -Wall --param max-inline-insns-single=500 -mabi=aapcs -MMD -MP -MF"utility/ethernetif.d" -MT"utility/ethernetif.d" -std=gnu11  -o"utility/ethernetif.o" "C:/Users/Admin/AppData/Local/Energia15/packages/energia/hardware/tivac/1.0.3/libraries/Ethernet/utility/ethernetif.c"
Finished building: "C:/Users/Admin/AppData/Local/Energia15/packages/energia/hardware/tivac/1.0.3/libraries/Ethernet/utility/ethernetif.c"
 
Building file: "C:/Users/Admin/AppData/Local/Energia15/packages/energia/hardware/tivac/1.0.3/libraries/Ethernet/utility/igmp.c"
Invoking: GNU Compiler
"C:/Users/Admin/AppData/Local/Energia15/packages/energia/tools/arm-none-eabi-gcc/6.3.1-20170620/bin/arm-none-eabi-gcc-6.3.1.exe" -c -mcpu=cortex-m4 -march=armv7e-m -mthumb -mfloat-abi=hard -mfpu=fpv4-sp-d16 -Dprintf=iprintf -DF_CPU=80000000L -DENERGIA_EK_TM4C123GXL -DENERGIA_ARCH_TIVAC -DENERGIA=21 -DARDUINO=10610 -I"C:/Users/Admin/AppData/Local/Energia15/packages/energia/hardware/tivac/1.0.3/system/driverlib" -I"C:/Users/Admin/AppData/Local/Energia15/packages/energia/hardware/tivac/1.0.3/system/inc" -I"C:/Users/Admin/AppData/Local/Energia15/packages/energia/hardware/tivac/1.0.3/system" -I"C:/Users/Admin/AppData/Local/Energia15/packages/energia/hardware/tivac/1.0.3/cores/tivac" -I"C:/Users/Admin/AppData/Local/Energia15/packages/energia/hardware/tivac/1.0.3/variants/EK-TM4C123GXL" -I"C:/Users/Admin/Desktop/TECNICO/1-Semestre/SEMB/IOT Project/3- codeComposerWorkSpace/tivac_EK-TM4C123GXL_Ethernet" -I"C:/Users/Admin/AppData/Local/Energia15/packages/energia/hardware/tivac/1.0.3/libraries/Ethernet" -I"C:/Users/Admin/AppData/Local/Energia15/packages/energia/hardware/tivac/1.0.3/libraries/Ethernet/utility" -I"C:/Users/Admin/AppData/Local/Energia15/packages/energia/tools/arm-none-eabi-gcc/6.3.1-20170620/arm-none-eabi/include" -Os -ffunction-sections -fdata-sections -g -gdwarf-3 -gstrict-dwarf -w -Wall --param max-inline-insns-single=500 -mabi=aapcs -MMD -MP -MF"utility/igmp.d" -MT"utility/igmp.d" -std=gnu11  -o"utility/igmp.o" "C:/Users/Admin/AppData/Local/Energia15/packages/energia/hardware/tivac/1.0.3/libraries/Ethernet/utility/igmp.c"
Finished building: "C:/Users/Admin/AppData/Local/Energia15/packages/energia/hardware/tivac/1.0.3/libraries/Ethernet/utility/igmp.c"
 
Building file: "C:/Users/Admin/AppData/Local/Energia15/packages/energia/hardware/tivac/1.0.3/libraries/Ethernet/utility/icmp.c"
Invoking: GNU Compiler
"C:/Users/Admin/AppData/Local/Energia15/packages/energia/tools/arm-none-eabi-gcc/6.3.1-20170620/bin/arm-none-eabi-gcc-6.3.1.exe" -c -mcpu=cortex-m4 -march=armv7e-m -mthumb -mfloat-abi=hard -mfpu=fpv4-sp-d16 -Dprintf=iprintf -DF_CPU=80000000L -DENERGIA_EK_TM4C123GXL -DENERGIA_ARCH_TIVAC -DENERGIA=21 -DARDUINO=10610 -I"C:/Users/Admin/AppData/Local/Energia15/packages/energia/hardware/tivac/1.0.3/system/driverlib" -I"C:/Users/Admin/AppData/Local/Energia15/packages/energia/hardware/tivac/1.0.3/system/inc" -I"C:/Users/Admin/AppData/Local/Energia15/packages/energia/hardware/tivac/1.0.3/system" -I"C:/Users/Admin/AppData/Local/Energia15/packages/energia/hardware/tivac/1.0.3/cores/tivac" -I"C:/Users/Admin/AppData/Local/Energia15/packages/energia/hardware/tivac/1.0.3/variants/EK-TM4C123GXL" -I"C:/Users/Admin/Desktop/TECNICO/1-Semestre/SEMB/IOT Project/3- codeComposerWorkSpace/tivac_EK-TM4C123GXL_Ethernet" -I"C:/Users/Admin/AppData/Local/Energia15/packages/energia/hardware/tivac/1.0.3/libraries/Ethernet" -I"C:/Users/Admin/AppData/Local/Energia15/packages/energia/hardware/tivac/1.0.3/libraries/Ethernet/utility" -I"C:/Users/Admin/AppData/Local/Energia15/packages/energia/tools/arm-none-eabi-gcc/6.3.1-20170620/arm-none-eabi/include" -Os -ffunction-sections -fdata-sections -g -gdwarf-3 -gstrict-dwarf -w -Wall --param max-inline-insns-single=500 -mabi=aapcs -MMD -MP -MF"utility/icmp.d" -MT"utility/icmp.d" -std=gnu11  -o"utility/icmp.o" "C:/Users/Admin/AppData/Local/Energia15/packages/energia/hardware/tivac/1.0.3/libraries/Ethernet/utility/icmp.c"
Finished building: "C:/Users/Admin/AppData/Local/Energia15/packages/energia/hardware/tivac/1.0.3/libraries/Ethernet/utility/icmp.c"
 
Building file: "C:/Users/Admin/AppData/Local/Energia15/packages/energia/hardware/tivac/1.0.3/libraries/Ethernet/utility/inet.c"
Invoking: GNU Compiler
"C:/Users/Admin/AppData/Local/Energia15/packages/energia/tools/arm-none-eabi-gcc/6.3.1-20170620/bin/arm-none-eabi-gcc-6.3.1.exe" -c -mcpu=cortex-m4 -march=armv7e-m -mthumb -mfloat-abi=hard -mfpu=fpv4-sp-d16 -Dprintf=iprintf -DF_CPU=80000000L -DENERGIA_EK_TM4C123GXL -DENERGIA_ARCH_TIVAC -DENERGIA=21 -DARDUINO=10610 -I"C:/Users/Admin/AppData/Local/Energia15/packages/energia/hardware/tivac/1.0.3/system/driverlib" -I"C:/Users/Admin/AppData/Local/Energia15/packages/energia/hardware/tivac/1.0.3/system/inc" -I"C:/Users/Admin/AppData/Local/Energia15/packages/energia/hardware/tivac/1.0.3/system" -I"C:/Users/Admin/AppData/Local/Energia15/packages/energia/hardware/tivac/1.0.3/cores/tivac" -I"C:/Users/Admin/AppData/Local/Energia15/packages/energia/hardware/tivac/1.0.3/variants/EK-TM4C123GXL" -I"C:/Users/Admin/Desktop/TECNICO/1-Semestre/SEMB/IOT Project/3- codeComposerWorkSpace/tivac_EK-TM4C123GXL_Ethernet" -I"C:/Users/Admin/AppData/Local/Energia15/packages/energia/hardware/tivac/1.0.3/libraries/Ethernet" -I"C:/Users/Admin/AppData/Local/Energia15/packages/energia/hardware/tivac/1.0.3/libraries/Ethernet/utility" -I"C:/Users/Admin/AppData/Local/Energia15/packages/energia/tools/arm-none-eabi-gcc/6.3.1-20170620/arm-none-eabi/include" -Os -ffunction-sections -fdata-sections -g -gdwarf-3 -gstrict-dwarf -w -Wall --param max-inline-insns-single=500 -mabi=aapcs -MMD -MP -MF"utility/inet.d" -MT"utility/inet.d" -std=gnu11  -o"utility/inet.o" "C:/Users/Admin/AppData/Local/Energia15/packages/energia/hardware/tivac/1.0.3/libraries/Ethernet/utility/inet.c"
Finished building: "C:/Users/Admin/AppData/Local/Energia15/packages/energia/hardware/tivac/1.0.3/libraries/Ethernet/utility/inet.c"
 
Building file: "C:/Users/Admin/AppData/Local/Energia15/packages/energia/hardware/tivac/1.0.3/libraries/Ethernet/utility/inet_chksum.c"
Invoking: GNU Compiler
"C:/Users/Admin/AppData/Local/Energia15/packages/energia/tools/arm-none-eabi-gcc/6.3.1-20170620/bin/arm-none-eabi-gcc-6.3.1.exe" -c -mcpu=cortex-m4 -march=armv7e-m -mthumb -mfloat-abi=hard -mfpu=fpv4-sp-d16 -Dprintf=iprintf -DF_CPU=80000000L -DENERGIA_EK_TM4C123GXL -DENERGIA_ARCH_TIVAC -DENERGIA=21 -DARDUINO=10610 -I"C:/Users/Admin/AppData/Local/Energia15/packages/energia/hardware/tivac/1.0.3/system/driverlib" -I"C:/Users/Admin/AppData/Local/Energia15/packages/energia/hardware/tivac/1.0.3/system/inc" -I"C:/Users/Admin/AppData/Local/Energia15/packages/energia/hardware/tivac/1.0.3/system" -I"C:/Users/Admin/AppData/Local/Energia15/packages/energia/hardware/tivac/1.0.3/cores/tivac" -I"C:/Users/Admin/AppData/Local/Energia15/packages/energia/hardware/tivac/1.0.3/variants/EK-TM4C123GXL" -I"C:/Users/Admin/Desktop/TECNICO/1-Semestre/SEMB/IOT Project/3- codeComposerWorkSpace/tivac_EK-TM4C123GXL_Ethernet" -I"C:/Users/Admin/AppData/Local/Energia15/packages/energia/hardware/tivac/1.0.3/libraries/Ethernet" -I"C:/Users/Admin/AppData/Local/Energia15/packages/energia/hardware/tivac/1.0.3/libraries/Ethernet/utility" -I"C:/Users/Admin/AppData/Local/Energia15/packages/energia/tools/arm-none-eabi-gcc/6.3.1-20170620/arm-none-eabi/include" -Os -ffunction-sections -fdata-sections -g -gdwarf-3 -gstrict-dwarf -w -Wall --param max-inline-insns-single=500 -mabi=aapcs -MMD -MP -MF"utility/inet_chksum.d" -MT"utility/inet_chksum.d" -std=gnu11  -o"utility/inet_chksum.o" "C:/Users/Admin/AppData/Local/Energia15/packages/energia/hardware/tivac/1.0.3/libraries/Ethernet/utility/inet_chksum.c"
Finished building: "C:/Users/Admin/AppData/Local/Energia15/packages/energia/hardware/tivac/1.0.3/libraries/Ethernet/utility/inet_chksum.c"
 
Building file: "C:/Users/Admin/AppData/Local/Energia15/packages/energia/hardware/tivac/1.0.3/libraries/Ethernet/utility/lwiplib.c"
Invoking: GNU Compiler
"C:/Users/Admin/AppData/Local/Energia15/packages/energia/tools/arm-none-eabi-gcc/6.3.1-20170620/bin/arm-none-eabi-gcc-6.3.1.exe" -c -mcpu=cortex-m4 -march=armv7e-m -mthumb -mfloat-abi=hard -mfpu=fpv4-sp-d16 -Dprintf=iprintf -DF_CPU=80000000L -DENERGIA_EK_TM4C123GXL -DENERGIA_ARCH_TIVAC -DENERGIA=21 -DARDUINO=10610 -I"C:/Users/Admin/AppData/Local/Energia15/packages/energia/hardware/tivac/1.0.3/system/driverlib" -I"C:/Users/Admin/AppData/Local/Energia15/packages/energia/hardware/tivac/1.0.3/system/inc" -I"C:/Users/Admin/AppData/Local/Energia15/packages/energia/hardware/tivac/1.0.3/system" -I"C:/Users/Admin/AppData/Local/Energia15/packages/energia/hardware/tivac/1.0.3/cores/tivac" -I"C:/Users/Admin/AppData/Local/Energia15/packages/energia/hardware/tivac/1.0.3/variants/EK-TM4C123GXL" -I"C:/Users/Admin/Desktop/TECNICO/1-Semestre/SEMB/IOT Project/3- codeComposerWorkSpace/tivac_EK-TM4C123GXL_Ethernet" -I"C:/Users/Admin/AppData/Local/Energia15/packages/energia/hardware/tivac/1.0.3/libraries/Ethernet" -I"C:/Users/Admin/AppData/Local/Energia15/packages/energia/hardware/tivac/1.0.3/libraries/Ethernet/utility" -I"C:/Users/Admin/AppData/Local/Energia15/packages/energia/tools/arm-none-eabi-gcc/6.3.1-20170620/arm-none-eabi/include" -Os -ffunction-sections -fdata-sections -g -gdwarf-3 -gstrict-dwarf -w -Wall --param max-inline-insns-single=500 -mabi=aapcs -MMD -MP -MF"utility/lwiplib.d" -MT"utility/lwiplib.d" -std=gnu11  -o"utility/lwiplib.o" "C:/Users/Admin/AppData/Local/Energia15/packages/energia/hardware/tivac/1.0.3/libraries/Ethernet/utility/lwiplib.c"
utility/subdir_rules.mk:128: recipe for target 'utility/lwiplib.o' failed
In file included from C:/Users/Admin/AppData/Local/Energia15/packages/energia/hardware/tivac/1.0.3/libraries/Ethernet/utility/lwiplib.c:79:0:
C:/Users/Admin/AppData/Local/Energia15/packages/energia/hardware/tivac/1.0.3/libraries/Ethernet/utility/lwiplib.c: In function 'lwIPTimer':
C:/Users/Admin/AppData/Local/Energia15/packages/energia/hardware/tivac/1.0.3/system/inc/hw_ints.h:367:44: error: 'INT_EMAC0_TM4C123' undeclared (first use in this function)
 #define INT_EMAC0               INT_CONCAT(INT_EMAC0_, INT_DEVICE_CLASS)
                                            ^
C:/Users/Admin/AppData/Local/Energia15/packages/energia/hardware/tivac/1.0.3/system/inc/hw_ints.h:317:37: note: in definition of macro 'INT_RESOLVE'
 #define INT_RESOLVE(intname, class) intname##TM4C123
                                     ^~~~~~~
C:/Users/Admin/AppData/Local/Energia15/packages/energia/hardware/tivac/1.0.3/system/inc/hw_ints.h:367:33: note: in expansion of macro 'INT_CONCAT'
 #define INT_EMAC0               INT_CONCAT(INT_EMAC0_, INT_DEVICE_CLASS)
                                 ^~~~~~~~~~
C:/Users/Admin/AppData/Local/Energia15/packages/energia/hardware/tivac/1.0.3/libraries/Ethernet/utility/lwiplib.c:848:28: note: in expansion of macro 'INT_EMAC0'
     HWREG(NVIC_SW_TRIG) |= INT_EMAC0 - 16;
                            ^~~~~~~~~
C:/Users/Admin/AppData/Local/Energia15/packages/energia/hardware/tivac/1.0.3/system/inc/hw_ints.h:367:44: note: each undeclared identifier is reported only once for each function it appears in
 #define INT_EMAC0               INT_CONCAT(INT_EMAC0_, INT_DEVICE_CLASS)
                                            ^
C:/Users/Admin/AppData/Local/Energia15/packages/energia/hardware/tivac/1.0.3/system/inc/hw_ints.h:317:37: note: in definition of macro 'INT_RESOLVE'
 #define INT_RESOLVE(intname, class) intname##TM4C123
                                     ^~~~~~~
C:/Users/Admin/AppData/Local/Energia15/packages/energia/hardware/tivac/1.0.3/system/inc/hw_ints.h:367:33: note: in expansion of macro 'INT_CONCAT'
 #define INT_EMAC0               INT_CONCAT(INT_EMAC0_, INT_DEVICE_CLASS)
                                 ^~~~~~~~~~
C:/Users/Admin/AppData/Local/Energia15/packages/energia/hardware/tivac/1.0.3/libraries/Ethernet/utility/lwiplib.c:848:28: note: in expansion of macro 'INT_EMAC0'
     HWREG(NVIC_SW_TRIG) |= INT_EMAC0 - 16;
                            ^~~~~~~~~
gmake: *** [utility/lwiplib.o] Error 1
Building file: "C:/Users/Admin/AppData/Local/Energia15/packages/energia/hardware/tivac/1.0.3/libraries/Ethernet/utility/ip_addr.c"
Invoking: GNU Compiler
"C:/Users/Admin/AppData/Local/Energia15/packages/energia/tools/arm-none-eabi-gcc/6.3.1-20170620/bin/arm-none-eabi-gcc-6.3.1.exe" -c -mcpu=cortex-m4 -march=armv7e-m -mthumb -mfloat-abi=hard -mfpu=fpv4-sp-d16 -Dprintf=iprintf -DF_CPU=80000000L -DENERGIA_EK_TM4C123GXL -DENERGIA_ARCH_TIVAC -DENERGIA=21 -DARDUINO=10610 -I"C:/Users/Admin/AppData/Local/Energia15/packages/energia/hardware/tivac/1.0.3/system/driverlib" -I"C:/Users/Admin/AppData/Local/Energia15/packages/energia/hardware/tivac/1.0.3/system/inc" -I"C:/Users/Admin/AppData/Local/Energia15/packages/energia/hardware/tivac/1.0.3/system" -I"C:/Users/Admin/AppData/Local/Energia15/packages/energia/hardware/tivac/1.0.3/cores/tivac" -I"C:/Users/Admin/AppData/Local/Energia15/packages/energia/hardware/tivac/1.0.3/variants/EK-TM4C123GXL" -I"C:/Users/Admin/Desktop/TECNICO/1-Semestre/SEMB/IOT Project/3- codeComposerWorkSpace/tivac_EK-TM4C123GXL_Ethernet" -I"C:/Users/Admin/AppData/Local/Energia15/packages/energia/hardware/tivac/1.0.3/libraries/Ethernet" -I"C:/Users/Admin/AppData/Local/Energia15/packages/energia/hardware/tivac/1.0.3/libraries/Ethernet/utility" -I"C:/Users/Admin/AppData/Local/Energia15/packages/energia/tools/arm-none-eabi-gcc/6.3.1-20170620/arm-none-eabi/include" -Os -ffunction-sections -fdata-sections -g -gdwarf-3 -gstrict-dwarf -w -Wall --param max-inline-insns-single=500 -mabi=aapcs -MMD -MP -MF"utility/ip_addr.d" -MT"utility/ip_addr.d" -std=gnu11  -o"utility/ip_addr.o" "C:/Users/Admin/AppData/Local/Energia15/packages/energia/hardware/tivac/1.0.3/libraries/Ethernet/utility/ip_addr.c"
Finished building: "C:/Users/Admin/AppData/Local/Energia15/packages/energia/hardware/tivac/1.0.3/libraries/Ethernet/utility/ip_addr.c"
 
Building file: "C:/Users/Admin/AppData/Local/Energia15/packages/energia/hardware/tivac/1.0.3/libraries/Ethernet/utility/ip_frag.c"
Invoking: GNU Compiler
"C:/Users/Admin/AppData/Local/Energia15/packages/energia/tools/arm-none-eabi-gcc/6.3.1-20170620/bin/arm-none-eabi-gcc-6.3.1.exe" -c -mcpu=cortex-m4 -march=armv7e-m -mthumb -mfloat-abi=hard -mfpu=fpv4-sp-d16 -Dprintf=iprintf -DF_CPU=80000000L -DENERGIA_EK_TM4C123GXL -DENERGIA_ARCH_TIVAC -DENERGIA=21 -DARDUINO=10610 -I"C:/Users/Admin/AppData/Local/Energia15/packages/energia/hardware/tivac/1.0.3/system/driverlib" -I"C:/Users/Admin/AppData/Local/Energia15/packages/energia/hardware/tivac/1.0.3/system/inc" -I"C:/Users/Admin/AppData/Local/Energia15/packages/energia/hardware/tivac/1.0.3/system" -I"C:/Users/Admin/AppData/Local/Energia15/packages/energia/hardware/tivac/1.0.3/cores/tivac" -I"C:/Users/Admin/AppData/Local/Energia15/packages/energia/hardware/tivac/1.0.3/variants/EK-TM4C123GXL" -I"C:/Users/Admin/Desktop/TECNICO/1-Semestre/SEMB/IOT Project/3- codeComposerWorkSpace/tivac_EK-TM4C123GXL_Ethernet" -I"C:/Users/Admin/AppData/Local/Energia15/packages/energia/hardware/tivac/1.0.3/libraries/Ethernet" -I"C:/Users/Admin/AppData/Local/Energia15/packages/energia/hardware/tivac/1.0.3/libraries/Ethernet/utility" -I"C:/Users/Admin/AppData/Local/Energia15/packages/energia/tools/arm-none-eabi-gcc/6.3.1-20170620/arm-none-eabi/include" -Os -ffunction-sections -fdata-sections -g -gdwarf-3 -gstrict-dwarf -w -Wall --param max-inline-insns-single=500 -mabi=aapcs -MMD -MP -MF"utility/ip_frag.d" -MT"utility/ip_frag.d" -std=gnu11  -o"utility/ip_frag.o" "C:/Users/Admin/AppData/Local/Energia15/packages/energia/hardware/tivac/1.0.3/libraries/Ethernet/utility/ip_frag.c"
Finished building: "C:/Users/Admin/AppData/Local/Energia15/packages/energia/hardware/tivac/1.0.3/libraries/Ethernet/utility/ip_frag.c"
 
Building file: "C:/Users/Admin/AppData/Local/Energia15/packages/energia/hardware/tivac/1.0.3/libraries/Ethernet/utility/init.c"
Invoking: GNU Compiler
"C:/Users/Admin/AppData/Local/Energia15/packages/energia/tools/arm-none-eabi-gcc/6.3.1-20170620/bin/arm-none-eabi-gcc-6.3.1.exe" -c -mcpu=cortex-m4 -march=armv7e-m -mthumb -mfloat-abi=hard -mfpu=fpv4-sp-d16 -Dprintf=iprintf -DF_CPU=80000000L -DENERGIA_EK_TM4C123GXL -DENERGIA_ARCH_TIVAC -DENERGIA=21 -DARDUINO=10610 -I"C:/Users/Admin/AppData/Local/Energia15/packages/energia/hardware/tivac/1.0.3/system/driverlib" -I"C:/Users/Admin/AppData/Local/Energia15/packages/energia/hardware/tivac/1.0.3/system/inc" -I"C:/Users/Admin/AppData/Local/Energia15/packages/energia/hardware/tivac/1.0.3/system" -I"C:/Users/Admin/AppData/Local/Energia15/packages/energia/hardware/tivac/1.0.3/cores/tivac" -I"C:/Users/Admin/AppData/Local/Energia15/packages/energia/hardware/tivac/1.0.3/variants/EK-TM4C123GXL" -I"C:/Users/Admin/Desktop/TECNICO/1-Semestre/SEMB/IOT Project/3- codeComposerWorkSpace/tivac_EK-TM4C123GXL_Ethernet" -I"C:/Users/Admin/AppData/Local/Energia15/packages/energia/hardware/tivac/1.0.3/libraries/Ethernet" -I"C:/Users/Admin/AppData/Local/Energia15/packages/energia/hardware/tivac/1.0.3/libraries/Ethernet/utility" -I"C:/Users/Admin/AppData/Local/Energia15/packages/energia/tools/arm-none-eabi-gcc/6.3.1-20170620/arm-none-eabi/include" -Os -ffunction-sections -fdata-sections -g -gdwarf-3 -gstrict-dwarf -w -Wall --param max-inline-insns-single=500 -mabi=aapcs -MMD -MP -MF"utility/init.d" -MT"utility/init.d" -std=gnu11  -o"utility/init.o" "C:/Users/Admin/AppData/Local/Energia15/packages/energia/hardware/tivac/1.0.3/libraries/Ethernet/utility/init.c"
Finished building: "C:/Users/Admin/AppData/Local/Energia15/packages/energia/hardware/tivac/1.0.3/libraries/Ethernet/utility/init.c"
 
Building file: "C:/Users/Admin/AppData/Local/Energia15/packages/energia/hardware/tivac/1.0.3/libraries/Ethernet/utility/ip.c"
Invoking: GNU Compiler
"C:/Users/Admin/AppData/Local/Energia15/packages/energia/tools/arm-none-eabi-gcc/6.3.1-20170620/bin/arm-none-eabi-gcc-6.3.1.exe" -c -mcpu=cortex-m4 -march=armv7e-m -mthumb -mfloat-abi=hard -mfpu=fpv4-sp-d16 -Dprintf=iprintf -DF_CPU=80000000L -DENERGIA_EK_TM4C123GXL -DENERGIA_ARCH_TIVAC -DENERGIA=21 -DARDUINO=10610 -I"C:/Users/Admin/AppData/Local/Energia15/packages/energia/hardware/tivac/1.0.3/system/driverlib" -I"C:/Users/Admin/AppData/Local/Energia15/packages/energia/hardware/tivac/1.0.3/system/inc" -I"C:/Users/Admin/AppData/Local/Energia15/packages/energia/hardware/tivac/1.0.3/system" -I"C:/Users/Admin/AppData/Local/Energia15/packages/energia/hardware/tivac/1.0.3/cores/tivac" -I"C:/Users/Admin/AppData/Local/Energia15/packages/energia/hardware/tivac/1.0.3/variants/EK-TM4C123GXL" -I"C:/Users/Admin/Desktop/TECNICO/1-Semestre/SEMB/IOT Project/3- codeComposerWorkSpace/tivac_EK-TM4C123GXL_Ethernet" -I"C:/Users/Admin/AppData/Local/Energia15/packages/energia/hardware/tivac/1.0.3/libraries/Ethernet" -I"C:/Users/Admin/AppData/Local/Energia15/packages/energia/hardware/tivac/1.0.3/libraries/Ethernet/utility" -I"C:/Users/Admin/AppData/Local/Energia15/packages/energia/tools/arm-none-eabi-gcc/6.3.1-20170620/arm-none-eabi/include" -Os -ffunction-sections -fdata-sections -g -gdwarf-3 -gstrict-dwarf -w -Wall --param max-inline-insns-single=500 -mabi=aapcs -MMD -MP -MF"utility/ip.d" -MT"utility/ip.d" -std=gnu11  -o"utility/ip.o" "C:/Users/Admin/AppData/Local/Energia15/packages/energia/hardware/tivac/1.0.3/libraries/Ethernet/utility/ip.c"
Finished building: "C:/Users/Admin/AppData/Local/Energia15/packages/energia/hardware/tivac/1.0.3/libraries/Ethernet/utility/ip.c"
 
Building file: "C:/Users/Admin/AppData/Local/Energia15/packages/energia/hardware/tivac/1.0.3/libraries/Ethernet/utility/mem.c"
Invoking: GNU Compiler
"C:/Users/Admin/AppData/Local/Energia15/packages/energia/tools/arm-none-eabi-gcc/6.3.1-20170620/bin/arm-none-eabi-gcc-6.3.1.exe" -c -mcpu=cortex-m4 -march=armv7e-m -mthumb -mfloat-abi=hard -mfpu=fpv4-sp-d16 -Dprintf=iprintf -DF_CPU=80000000L -DENERGIA_EK_TM4C123GXL -DENERGIA_ARCH_TIVAC -DENERGIA=21 -DARDUINO=10610 -I"C:/Users/Admin/AppData/Local/Energia15/packages/energia/hardware/tivac/1.0.3/system/driverlib" -I"C:/Users/Admin/AppData/Local/Energia15/packages/energia/hardware/tivac/1.0.3/system/inc" -I"C:/Users/Admin/AppData/Local/Energia15/packages/energia/hardware/tivac/1.0.3/system" -I"C:/Users/Admin/AppData/Local/Energia15/packages/energia/hardware/tivac/1.0.3/cores/tivac" -I"C:/Users/Admin/AppData/Local/Energia15/packages/energia/hardware/tivac/1.0.3/variants/EK-TM4C123GXL" -I"C:/Users/Admin/Desktop/TECNICO/1-Semestre/SEMB/IOT Project/3- codeComposerWorkSpace/tivac_EK-TM4C123GXL_Ethernet" -I"C:/Users/Admin/AppData/Local/Energia15/packages/energia/hardware/tivac/1.0.3/libraries/Ethernet" -I"C:/Users/Admin/AppData/Local/Energia15/packages/energia/hardware/tivac/1.0.3/libraries/Ethernet/utility" -I"C:/Users/Admin/AppData/Local/Energia15/packages/energia/tools/arm-none-eabi-gcc/6.3.1-20170620/arm-none-eabi/include" -Os -ffunction-sections -fdata-sections -g -gdwarf-3 -gstrict-dwarf -w -Wall --param max-inline-insns-single=500 -mabi=aapcs -MMD -MP -MF"utility/mem.d" -MT"utility/mem.d" -std=gnu11  -o"utility/mem.o" "C:/Users/Admin/AppData/Local/Energia15/packages/energia/hardware/tivac/1.0.3/libraries/Ethernet/utility/mem.c"
Finished building: "C:/Users/Admin/AppData/Local/Energia15/packages/energia/hardware/tivac/1.0.3/libraries/Ethernet/utility/mem.c"
 
Building file: "C:/Users/Admin/AppData/Local/Energia15/packages/energia/hardware/tivac/1.0.3/libraries/Ethernet/utility/netbuf.c"
Invoking: GNU Compiler
"C:/Users/Admin/AppData/Local/Energia15/packages/energia/tools/arm-none-eabi-gcc/6.3.1-20170620/bin/arm-none-eabi-gcc-6.3.1.exe" -c -mcpu=cortex-m4 -march=armv7e-m -mthumb -mfloat-abi=hard -mfpu=fpv4-sp-d16 -Dprintf=iprintf -DF_CPU=80000000L -DENERGIA_EK_TM4C123GXL -DENERGIA_ARCH_TIVAC -DENERGIA=21 -DARDUINO=10610 -I"C:/Users/Admin/AppData/Local/Energia15/packages/energia/hardware/tivac/1.0.3/system/driverlib" -I"C:/Users/Admin/AppData/Local/Energia15/packages/energia/hardware/tivac/1.0.3/system/inc" -I"C:/Users/Admin/AppData/Local/Energia15/packages/energia/hardware/tivac/1.0.3/system" -I"C:/Users/Admin/AppData/Local/Energia15/packages/energia/hardware/tivac/1.0.3/cores/tivac" -I"C:/Users/Admin/AppData/Local/Energia15/packages/energia/hardware/tivac/1.0.3/variants/EK-TM4C123GXL" -I"C:/Users/Admin/Desktop/TECNICO/1-Semestre/SEMB/IOT Project/3- codeComposerWorkSpace/tivac_EK-TM4C123GXL_Ethernet" -I"C:/Users/Admin/AppData/Local/Energia15/packages/energia/hardware/tivac/1.0.3/libraries/Ethernet" -I"C:/Users/Admin/AppData/Local/Energia15/packages/energia/hardware/tivac/1.0.3/libraries/Ethernet/utility" -I"C:/Users/Admin/AppData/Local/Energia15/packages/energia/tools/arm-none-eabi-gcc/6.3.1-20170620/arm-none-eabi/include" -Os -ffunction-sections -fdata-sections -g -gdwarf-3 -gstrict-dwarf -w -Wall --param max-inline-insns-single=500 -mabi=aapcs -MMD -MP -MF"utility/netbuf.d" -MT"utility/netbuf.d" -std=gnu11  -o"utility/netbuf.o" "C:/Users/Admin/AppData/Local/Energia15/packages/energia/hardware/tivac/1.0.3/libraries/Ethernet/utility/netbuf.c"
Finished building: "C:/Users/Admin/AppData/Local/Energia15/packages/energia/hardware/tivac/1.0.3/libraries/Ethernet/utility/netbuf.c"
 
Building file: "C:/Users/Admin/AppData/Local/Energia15/packages/energia/hardware/tivac/1.0.3/libraries/Ethernet/utility/memp.c"
Invoking: GNU Compiler
"C:/Users/Admin/AppData/Local/Energia15/packages/energia/tools/arm-none-eabi-gcc/6.3.1-20170620/bin/arm-none-eabi-gcc-6.3.1.exe" -c -mcpu=cortex-m4 -march=armv7e-m -mthumb -mfloat-abi=hard -mfpu=fpv4-sp-d16 -Dprintf=iprintf -DF_CPU=80000000L -DENERGIA_EK_TM4C123GXL -DENERGIA_ARCH_TIVAC -DENERGIA=21 -DARDUINO=10610 -I"C:/Users/Admin/AppData/Local/Energia15/packages/energia/hardware/tivac/1.0.3/system/driverlib" -I"C:/Users/Admin/AppData/Local/Energia15/packages/energia/hardware/tivac/1.0.3/system/inc" -I"C:/Users/Admin/AppData/Local/Energia15/packages/energia/hardware/tivac/1.0.3/system" -I"C:/Users/Admin/AppData/Local/Energia15/packages/energia/hardware/tivac/1.0.3/cores/tivac" -I"C:/Users/Admin/AppData/Local/Energia15/packages/energia/hardware/tivac/1.0.3/variants/EK-TM4C123GXL" -I"C:/Users/Admin/Desktop/TECNICO/1-Semestre/SEMB/IOT Project/3- codeComposerWorkSpace/tivac_EK-TM4C123GXL_Ethernet" -I"C:/Users/Admin/AppData/Local/Energia15/packages/energia/hardware/tivac/1.0.3/libraries/Ethernet" -I"C:/Users/Admin/AppData/Local/Energia15/packages/energia/hardware/tivac/1.0.3/libraries/Ethernet/utility" -I"C:/Users/Admin/AppData/Local/Energia15/packages/energia/tools/arm-none-eabi-gcc/6.3.1-20170620/arm-none-eabi/include" -Os -ffunction-sections -fdata-sections -g -gdwarf-3 -gstrict-dwarf -w -Wall --param max-inline-insns-single=500 -mabi=aapcs -MMD -MP -MF"utility/memp.d" -MT"utility/memp.d" -std=gnu11  -o"utility/memp.o" "C:/Users/Admin/AppData/Local/Energia15/packages/energia/hardware/tivac/1.0.3/libraries/Ethernet/utility/memp.c"
Finished building: "C:/Users/Admin/AppData/Local/Energia15/packages/energia/hardware/tivac/1.0.3/libraries/Ethernet/utility/memp.c"
 
Building file: "C:/Users/Admin/AppData/Local/Energia15/packages/energia/hardware/tivac/1.0.3/libraries/Ethernet/utility/netdb.c"
Invoking: GNU Compiler
"C:/Users/Admin/AppData/Local/Energia15/packages/energia/tools/arm-none-eabi-gcc/6.3.1-20170620/bin/arm-none-eabi-gcc-6.3.1.exe" -c -mcpu=cortex-m4 -march=armv7e-m -mthumb -mfloat-abi=hard -mfpu=fpv4-sp-d16 -Dprintf=iprintf -DF_CPU=80000000L -DENERGIA_EK_TM4C123GXL -DENERGIA_ARCH_TIVAC -DENERGIA=21 -DARDUINO=10610 -I"C:/Users/Admin/AppData/Local/Energia15/packages/energia/hardware/tivac/1.0.3/system/driverlib" -I"C:/Users/Admin/AppData/Local/Energia15/packages/energia/hardware/tivac/1.0.3/system/inc" -I"C:/Users/Admin/AppData/Local/Energia15/packages/energia/hardware/tivac/1.0.3/system" -I"C:/Users/Admin/AppData/Local/Energia15/packages/energia/hardware/tivac/1.0.3/cores/tivac" -I"C:/Users/Admin/AppData/Local/Energia15/packages/energia/hardware/tivac/1.0.3/variants/EK-TM4C123GXL" -I"C:/Users/Admin/Desktop/TECNICO/1-Semestre/SEMB/IOT Project/3- codeComposerWorkSpace/tivac_EK-TM4C123GXL_Ethernet" -I"C:/Users/Admin/AppData/Local/Energia15/packages/energia/hardware/tivac/1.0.3/libraries/Ethernet" -I"C:/Users/Admin/AppData/Local/Energia15/packages/energia/hardware/tivac/1.0.3/libraries/Ethernet/utility" -I"C:/Users/Admin/AppData/Local/Energia15/packages/energia/tools/arm-none-eabi-gcc/6.3.1-20170620/arm-none-eabi/include" -Os -ffunction-sections -fdata-sections -g -gdwarf-3 -gstrict-dwarf -w -Wall --param max-inline-insns-single=500 -mabi=aapcs -MMD -MP -MF"utility/netdb.d" -MT"utility/netdb.d" -std=gnu11  -o"utility/netdb.o" "C:/Users/Admin/AppData/Local/Energia15/packages/energia/hardware/tivac/1.0.3/libraries/Ethernet/utility/netdb.c"
Finished building: "C:/Users/Admin/AppData/Local/Energia15/packages/energia/hardware/tivac/1.0.3/libraries/Ethernet/utility/netdb.c"
 
Building file: "C:/Users/Admin/AppData/Local/Energia15/packages/energia/hardware/tivac/1.0.3/libraries/Ethernet/utility/netifapi.c"
Invoking: GNU Compiler
"C:/Users/Admin/AppData/Local/Energia15/packages/energia/tools/arm-none-eabi-gcc/6.3.1-20170620/bin/arm-none-eabi-gcc-6.3.1.exe" -c -mcpu=cortex-m4 -march=armv7e-m -mthumb -mfloat-abi=hard -mfpu=fpv4-sp-d16 -Dprintf=iprintf -DF_CPU=80000000L -DENERGIA_EK_TM4C123GXL -DENERGIA_ARCH_TIVAC -DENERGIA=21 -DARDUINO=10610 -I"C:/Users/Admin/AppData/Local/Energia15/packages/energia/hardware/tivac/1.0.3/system/driverlib" -I"C:/Users/Admin/AppData/Local/Energia15/packages/energia/hardware/tivac/1.0.3/system/inc" -I"C:/Users/Admin/AppData/Local/Energia15/packages/energia/hardware/tivac/1.0.3/system" -I"C:/Users/Admin/AppData/Local/Energia15/packages/energia/hardware/tivac/1.0.3/cores/tivac" -I"C:/Users/Admin/AppData/Local/Energia15/packages/energia/hardware/tivac/1.0.3/variants/EK-TM4C123GXL" -I"C:/Users/Admin/Desktop/TECNICO/1-Semestre/SEMB/IOT Project/3- codeComposerWorkSpace/tivac_EK-TM4C123GXL_Ethernet" -I"C:/Users/Admin/AppData/Local/Energia15/packages/energia/hardware/tivac/1.0.3/libraries/Ethernet" -I"C:/Users/Admin/AppData/Local/Energia15/packages/energia/hardware/tivac/1.0.3/libraries/Ethernet/utility" -I"C:/Users/Admin/AppData/Local/Energia15/packages/energia/tools/arm-none-eabi-gcc/6.3.1-20170620/arm-none-eabi/include" -Os -ffunction-sections -fdata-sections -g -gdwarf-3 -gstrict-dwarf -w -Wall --param max-inline-insns-single=500 -mabi=aapcs -MMD -MP -MF"utility/netifapi.d" -MT"utility/netifapi.d" -std=gnu11  -o"utility/netifapi.o" "C:/Users/Admin/AppData/Local/Energia15/packages/energia/hardware/tivac/1.0.3/libraries/Ethernet/utility/netifapi.c"
Finished building: "C:/Users/Admin/AppData/Local/Energia15/packages/energia/hardware/tivac/1.0.3/libraries/Ethernet/utility/netifapi.c"
 
Building file: "C:/Users/Admin/AppData/Local/Energia15/packages/energia/hardware/tivac/1.0.3/libraries/Ethernet/utility/perf.c"
Invoking: GNU Compiler
"C:/Users/Admin/AppData/Local/Energia15/packages/energia/tools/arm-none-eabi-gcc/6.3.1-20170620/bin/arm-none-eabi-gcc-6.3.1.exe" -c -mcpu=cortex-m4 -march=armv7e-m -mthumb -mfloat-abi=hard -mfpu=fpv4-sp-d16 -Dprintf=iprintf -DF_CPU=80000000L -DENERGIA_EK_TM4C123GXL -DENERGIA_ARCH_TIVAC -DENERGIA=21 -DARDUINO=10610 -I"C:/Users/Admin/AppData/Local/Energia15/packages/energia/hardware/tivac/1.0.3/system/driverlib" -I"C:/Users/Admin/AppData/Local/Energia15/packages/energia/hardware/tivac/1.0.3/system/inc" -I"C:/Users/Admin/AppData/Local/Energia15/packages/energia/hardware/tivac/1.0.3/system" -I"C:/Users/Admin/AppData/Local/Energia15/packages/energia/hardware/tivac/1.0.3/cores/tivac" -I"C:/Users/Admin/AppData/Local/Energia15/packages/energia/hardware/tivac/1.0.3/variants/EK-TM4C123GXL" -I"C:/Users/Admin/Desktop/TECNICO/1-Semestre/SEMB/IOT Project/3- codeComposerWorkSpace/tivac_EK-TM4C123GXL_Ethernet" -I"C:/Users/Admin/AppData/Local/Energia15/packages/energia/hardware/tivac/1.0.3/libraries/Ethernet" -I"C:/Users/Admin/AppData/Local/Energia15/packages/energia/hardware/tivac/1.0.3/libraries/Ethernet/utility" -I"C:/Users/Admin/AppData/Local/Energia15/packages/energia/tools/arm-none-eabi-gcc/6.3.1-20170620/arm-none-eabi/include" -Os -ffunction-sections -fdata-sections -g -gdwarf-3 -gstrict-dwarf -w -Wall --param max-inline-insns-single=500 -mabi=aapcs -MMD -MP -MF"utility/perf.d" -MT"utility/perf.d" -std=gnu11  -o"utility/perf.o" "C:/Users/Admin/AppData/Local/Energia15/packages/energia/hardware/tivac/1.0.3/libraries/Ethernet/utility/perf.c"
Finished building: "C:/Users/Admin/AppData/Local/Energia15/packages/energia/hardware/tivac/1.0.3/libraries/Ethernet/utility/perf.c"
 
Building file: "C:/Users/Admin/AppData/Local/Energia15/packages/energia/hardware/tivac/1.0.3/libraries/Ethernet/utility/netif.c"
Invoking: GNU Compiler
"C:/Users/Admin/AppData/Local/Energia15/packages/energia/tools/arm-none-eabi-gcc/6.3.1-20170620/bin/arm-none-eabi-gcc-6.3.1.exe" -c -mcpu=cortex-m4 -march=armv7e-m -mthumb -mfloat-abi=hard -mfpu=fpv4-sp-d16 -Dprintf=iprintf -DF_CPU=80000000L -DENERGIA_EK_TM4C123GXL -DENERGIA_ARCH_TIVAC -DENERGIA=21 -DARDUINO=10610 -I"C:/Users/Admin/AppData/Local/Energia15/packages/energia/hardware/tivac/1.0.3/system/driverlib" -I"C:/Users/Admin/AppData/Local/Energia15/packages/energia/hardware/tivac/1.0.3/system/inc" -I"C:/Users/Admin/AppData/Local/Energia15/packages/energia/hardware/tivac/1.0.3/system" -I"C:/Users/Admin/AppData/Local/Energia15/packages/energia/hardware/tivac/1.0.3/cores/tivac" -I"C:/Users/Admin/AppData/Local/Energia15/packages/energia/hardware/tivac/1.0.3/variants/EK-TM4C123GXL" -I"C:/Users/Admin/Desktop/TECNICO/1-Semestre/SEMB/IOT Project/3- codeComposerWorkSpace/tivac_EK-TM4C123GXL_Ethernet" -I"C:/Users/Admin/AppData/Local/Energia15/packages/energia/hardware/tivac/1.0.3/libraries/Ethernet" -I"C:/Users/Admin/AppData/Local/Energia15/packages/energia/hardware/tivac/1.0.3/libraries/Ethernet/utility" -I"C:/Users/Admin/AppData/Local/Energia15/packages/energia/tools/arm-none-eabi-gcc/6.3.1-20170620/arm-none-eabi/include" -Os -ffunction-sections -fdata-sections -g -gdwarf-3 -gstrict-dwarf -w -Wall --param max-inline-insns-single=500 -mabi=aapcs -MMD -MP -MF"utility/netif.d" -MT"utility/netif.d" -std=gnu11  -o"utility/netif.o" "C:/Users/Admin/AppData/Local/Energia15/packages/energia/hardware/tivac/1.0.3/libraries/Ethernet/utility/netif.c"
Finished building: "C:/Users/Admin/AppData/Local/Energia15/packages/energia/hardware/tivac/1.0.3/libraries/Ethernet/utility/netif.c"
 
Building file: "C:/Users/Admin/AppData/Local/Energia15/packages/energia/hardware/tivac/1.0.3/libraries/Ethernet/utility/pbuf.c"
Invoking: GNU Compiler
"C:/Users/Admin/AppData/Local/Energia15/packages/energia/tools/arm-none-eabi-gcc/6.3.1-20170620/bin/arm-none-eabi-gcc-6.3.1.exe" -c -mcpu=cortex-m4 -march=armv7e-m -mthumb -mfloat-abi=hard -mfpu=fpv4-sp-d16 -Dprintf=iprintf -DF_CPU=80000000L -DENERGIA_EK_TM4C123GXL -DENERGIA_ARCH_TIVAC -DENERGIA=21 -DARDUINO=10610 -I"C:/Users/Admin/AppData/Local/Energia15/packages/energia/hardware/tivac/1.0.3/system/driverlib" -I"C:/Users/Admin/AppData/Local/Energia15/packages/energia/hardware/tivac/1.0.3/system/inc" -I"C:/Users/Admin/AppData/Local/Energia15/packages/energia/hardware/tivac/1.0.3/system" -I"C:/Users/Admin/AppData/Local/Energia15/packages/energia/hardware/tivac/1.0.3/cores/tivac" -I"C:/Users/Admin/AppData/Local/Energia15/packages/energia/hardware/tivac/1.0.3/variants/EK-TM4C123GXL" -I"C:/Users/Admin/Desktop/TECNICO/1-Semestre/SEMB/IOT Project/3- codeComposerWorkSpace/tivac_EK-TM4C123GXL_Ethernet" -I"C:/Users/Admin/AppData/Local/Energia15/packages/energia/hardware/tivac/1.0.3/libraries/Ethernet" -I"C:/Users/Admin/AppData/Local/Energia15/packages/energia/hardware/tivac/1.0.3/libraries/Ethernet/utility" -I"C:/Users/Admin/AppData/Local/Energia15/packages/energia/tools/arm-none-eabi-gcc/6.3.1-20170620/arm-none-eabi/include" -Os -ffunction-sections -fdata-sections -g -gdwarf-3 -gstrict-dwarf -w -Wall --param max-inline-insns-single=500 -mabi=aapcs -MMD -MP -MF"utility/pbuf.d" -MT"utility/pbuf.d" -std=gnu11  -o"utility/pbuf.o" "C:/Users/Admin/AppData/Local/Energia15/packages/energia/hardware/tivac/1.0.3/libraries/Ethernet/utility/pbuf.c"
Finished building: "C:/Users/Admin/AppData/Local/Energia15/packages/energia/hardware/tivac/1.0.3/libraries/Ethernet/utility/pbuf.c"
 
Building file: "C:/Users/Admin/AppData/Local/Energia15/packages/energia/hardware/tivac/1.0.3/libraries/Ethernet/utility/raw.c"
Invoking: GNU Compiler
"C:/Users/Admin/AppData/Local/Energia15/packages/energia/tools/arm-none-eabi-gcc/6.3.1-20170620/bin/arm-none-eabi-gcc-6.3.1.exe" -c -mcpu=cortex-m4 -march=armv7e-m -mthumb -mfloat-abi=hard -mfpu=fpv4-sp-d16 -Dprintf=iprintf -DF_CPU=80000000L -DENERGIA_EK_TM4C123GXL -DENERGIA_ARCH_TIVAC -DENERGIA=21 -DARDUINO=10610 -I"C:/Users/Admin/AppData/Local/Energia15/packages/energia/hardware/tivac/1.0.3/system/driverlib" -I"C:/Users/Admin/AppData/Local/Energia15/packages/energia/hardware/tivac/1.0.3/system/inc" -I"C:/Users/Admin/AppData/Local/Energia15/packages/energia/hardware/tivac/1.0.3/system" -I"C:/Users/Admin/AppData/Local/Energia15/packages/energia/hardware/tivac/1.0.3/cores/tivac" -I"C:/Users/Admin/AppData/Local/Energia15/packages/energia/hardware/tivac/1.0.3/variants/EK-TM4C123GXL" -I"C:/Users/Admin/Desktop/TECNICO/1-Semestre/SEMB/IOT Project/3- codeComposerWorkSpace/tivac_EK-TM4C123GXL_Ethernet" -I"C:/Users/Admin/AppData/Local/Energia15/packages/energia/hardware/tivac/1.0.3/libraries/Ethernet" -I"C:/Users/Admin/AppData/Local/Energia15/packages/energia/hardware/tivac/1.0.3/libraries/Ethernet/utility" -I"C:/Users/Admin/AppData/Local/Energia15/packages/energia/tools/arm-none-eabi-gcc/6.3.1-20170620/arm-none-eabi/include" -Os -ffunction-sections -fdata-sections -g -gdwarf-3 -gstrict-dwarf -w -Wall --param max-inline-insns-single=500 -mabi=aapcs -MMD -MP -MF"utility/raw.d" -MT"utility/raw.d" -std=gnu11  -o"utility/raw.o" "C:/Users/Admin/AppData/Local/Energia15/packages/energia/hardware/tivac/1.0.3/libraries/Ethernet/utility/raw.c"
Finished building: "C:/Users/Admin/AppData/Local/Energia15/packages/energia/hardware/tivac/1.0.3/libraries/Ethernet/utility/raw.c"
 
Building file: "C:/Users/Admin/AppData/Local/Energia15/packages/energia/hardware/tivac/1.0.3/libraries/Ethernet/utility/slipif.c"
Invoking: GNU Compiler
"C:/Users/Admin/AppData/Local/Energia15/packages/energia/tools/arm-none-eabi-gcc/6.3.1-20170620/bin/arm-none-eabi-gcc-6.3.1.exe" -c -mcpu=cortex-m4 -march=armv7e-m -mthumb -mfloat-abi=hard -mfpu=fpv4-sp-d16 -Dprintf=iprintf -DF_CPU=80000000L -DENERGIA_EK_TM4C123GXL -DENERGIA_ARCH_TIVAC -DENERGIA=21 -DARDUINO=10610 -I"C:/Users/Admin/AppData/Local/Energia15/packages/energia/hardware/tivac/1.0.3/system/driverlib" -I"C:/Users/Admin/AppData/Local/Energia15/packages/energia/hardware/tivac/1.0.3/system/inc" -I"C:/Users/Admin/AppData/Local/Energia15/packages/energia/hardware/tivac/1.0.3/system" -I"C:/Users/Admin/AppData/Local/Energia15/packages/energia/hardware/tivac/1.0.3/cores/tivac" -I"C:/Users/Admin/AppData/Local/Energia15/packages/energia/hardware/tivac/1.0.3/variants/EK-TM4C123GXL" -I"C:/Users/Admin/Desktop/TECNICO/1-Semestre/SEMB/IOT Project/3- codeComposerWorkSpace/tivac_EK-TM4C123GXL_Ethernet" -I"C:/Users/Admin/AppData/Local/Energia15/packages/energia/hardware/tivac/1.0.3/libraries/Ethernet" -I"C:/Users/Admin/AppData/Local/Energia15/packages/energia/hardware/tivac/1.0.3/libraries/Ethernet/utility" -I"C:/Users/Admin/AppData/Local/Energia15/packages/energia/tools/arm-none-eabi-gcc/6.3.1-20170620/arm-none-eabi/include" -Os -ffunction-sections -fdata-sections -g -gdwarf-3 -gstrict-dwarf -w -Wall --param max-inline-insns-single=500 -mabi=aapcs -MMD -MP -MF"utility/slipif.d" -MT"utility/slipif.d" -std=gnu11  -o"utility/slipif.o" "C:/Users/Admin/AppData/Local/Energia15/packages/energia/hardware/tivac/1.0.3/libraries/Ethernet/utility/slipif.c"
Finished building: "C:/Users/Admin/AppData/Local/Energia15/packages/energia/hardware/tivac/1.0.3/libraries/Ethernet/utility/slipif.c"
 
Building file: "C:/Users/Admin/AppData/Local/Energia15/packages/energia/hardware/tivac/1.0.3/libraries/Ethernet/utility/stats.c"
Invoking: GNU Compiler
"C:/Users/Admin/AppData/Local/Energia15/packages/energia/tools/arm-none-eabi-gcc/6.3.1-20170620/bin/arm-none-eabi-gcc-6.3.1.exe" -c -mcpu=cortex-m4 -march=armv7e-m -mthumb -mfloat-abi=hard -mfpu=fpv4-sp-d16 -Dprintf=iprintf -DF_CPU=80000000L -DENERGIA_EK_TM4C123GXL -DENERGIA_ARCH_TIVAC -DENERGIA=21 -DARDUINO=10610 -I"C:/Users/Admin/AppData/Local/Energia15/packages/energia/hardware/tivac/1.0.3/system/driverlib" -I"C:/Users/Admin/AppData/Local/Energia15/packages/energia/hardware/tivac/1.0.3/system/inc" -I"C:/Users/Admin/AppData/Local/Energia15/packages/energia/hardware/tivac/1.0.3/system" -I"C:/Users/Admin/AppData/Local/Energia15/packages/energia/hardware/tivac/1.0.3/cores/tivac" -I"C:/Users/Admin/AppData/Local/Energia15/packages/energia/hardware/tivac/1.0.3/variants/EK-TM4C123GXL" -I"C:/Users/Admin/Desktop/TECNICO/1-Semestre/SEMB/IOT Project/3- codeComposerWorkSpace/tivac_EK-TM4C123GXL_Ethernet" -I"C:/Users/Admin/AppData/Local/Energia15/packages/energia/hardware/tivac/1.0.3/libraries/Ethernet" -I"C:/Users/Admin/AppData/Local/Energia15/packages/energia/hardware/tivac/1.0.3/libraries/Ethernet/utility" -I"C:/Users/Admin/AppData/Local/Energia15/packages/energia/tools/arm-none-eabi-gcc/6.3.1-20170620/arm-none-eabi/include" -Os -ffunction-sections -fdata-sections -g -gdwarf-3 -gstrict-dwarf -w -Wall --param max-inline-insns-single=500 -mabi=aapcs -MMD -MP -MF"utility/stats.d" -MT"utility/stats.d" -std=gnu11  -o"utility/stats.o" "C:/Users/Admin/AppData/Local/Energia15/packages/energia/hardware/tivac/1.0.3/libraries/Ethernet/utility/stats.c"
Finished building: "C:/Users/Admin/AppData/Local/Energia15/packages/energia/hardware/tivac/1.0.3/libraries/Ethernet/utility/stats.c"
 
Building file: "C:/Users/Admin/AppData/Local/Energia15/packages/energia/hardware/tivac/1.0.3/libraries/Ethernet/utility/sockets.c"
Invoking: GNU Compiler
"C:/Users/Admin/AppData/Local/Energia15/packages/energia/tools/arm-none-eabi-gcc/6.3.1-20170620/bin/arm-none-eabi-gcc-6.3.1.exe" -c -mcpu=cortex-m4 -march=armv7e-m -mthumb -mfloat-abi=hard -mfpu=fpv4-sp-d16 -Dprintf=iprintf -DF_CPU=80000000L -DENERGIA_EK_TM4C123GXL -DENERGIA_ARCH_TIVAC -DENERGIA=21 -DARDUINO=10610 -I"C:/Users/Admin/AppData/Local/Energia15/packages/energia/hardware/tivac/1.0.3/system/driverlib" -I"C:/Users/Admin/AppData/Local/Energia15/packages/energia/hardware/tivac/1.0.3/system/inc" -I"C:/Users/Admin/AppData/Local/Energia15/packages/energia/hardware/tivac/1.0.3/system" -I"C:/Users/Admin/AppData/Local/Energia15/packages/energia/hardware/tivac/1.0.3/cores/tivac" -I"C:/Users/Admin/AppData/Local/Energia15/packages/energia/hardware/tivac/1.0.3/variants/EK-TM4C123GXL" -I"C:/Users/Admin/Desktop/TECNICO/1-Semestre/SEMB/IOT Project/3- codeComposerWorkSpace/tivac_EK-TM4C123GXL_Ethernet" -I"C:/Users/Admin/AppData/Local/Energia15/packages/energia/hardware/tivac/1.0.3/libraries/Ethernet" -I"C:/Users/Admin/AppData/Local/Energia15/packages/energia/hardware/tivac/1.0.3/libraries/Ethernet/utility" -I"C:/Users/Admin/AppData/Local/Energia15/packages/energia/tools/arm-none-eabi-gcc/6.3.1-20170620/arm-none-eabi/include" -Os -ffunction-sections -fdata-sections -g -gdwarf-3 -gstrict-dwarf -w -Wall --param max-inline-insns-single=500 -mabi=aapcs -MMD -MP -MF"utility/sockets.d" -MT"utility/sockets.d" -std=gnu11  -o"utility/sockets.o" "C:/Users/Admin/AppData/Local/Energia15/packages/energia/hardware/tivac/1.0.3/libraries/Ethernet/utility/sockets.c"
Finished building: "C:/Users/Admin/AppData/Local/Energia15/packages/energia/hardware/tivac/1.0.3/libraries/Ethernet/utility/sockets.c"
 
Building file: "C:/Users/Admin/AppData/Local/Energia15/packages/energia/hardware/tivac/1.0.3/libraries/Ethernet/utility/sys.c"
Invoking: GNU Compiler
"C:/Users/Admin/AppData/Local/Energia15/packages/energia/tools/arm-none-eabi-gcc/6.3.1-20170620/bin/arm-none-eabi-gcc-6.3.1.exe" -c -mcpu=cortex-m4 -march=armv7e-m -mthumb -mfloat-abi=hard -mfpu=fpv4-sp-d16 -Dprintf=iprintf -DF_CPU=80000000L -DENERGIA_EK_TM4C123GXL -DENERGIA_ARCH_TIVAC -DENERGIA=21 -DARDUINO=10610 -I"C:/Users/Admin/AppData/Local/Energia15/packages/energia/hardware/tivac/1.0.3/system/driverlib" -I"C:/Users/Admin/AppData/Local/Energia15/packages/energia/hardware/tivac/1.0.3/system/inc" -I"C:/Users/Admin/AppData/Local/Energia15/packages/energia/hardware/tivac/1.0.3/system" -I"C:/Users/Admin/AppData/Local/Energia15/packages/energia/hardware/tivac/1.0.3/cores/tivac" -I"C:/Users/Admin/AppData/Local/Energia15/packages/energia/hardware/tivac/1.0.3/variants/EK-TM4C123GXL" -I"C:/Users/Admin/Desktop/TECNICO/1-Semestre/SEMB/IOT Project/3- codeComposerWorkSpace/tivac_EK-TM4C123GXL_Ethernet" -I"C:/Users/Admin/AppData/Local/Energia15/packages/energia/hardware/tivac/1.0.3/libraries/Ethernet" -I"C:/Users/Admin/AppData/Local/Energia15/packages/energia/hardware/tivac/1.0.3/libraries/Ethernet/utility" -I"C:/Users/Admin/AppData/Local/Energia15/packages/energia/tools/arm-none-eabi-gcc/6.3.1-20170620/arm-none-eabi/include" -Os -ffunction-sections -fdata-sections -g -gdwarf-3 -gstrict-dwarf -w -Wall --param max-inline-insns-single=500 -mabi=aapcs -MMD -MP -MF"utility/sys.d" -MT"utility/sys.d" -std=gnu11  -o"utility/sys.o" "C:/Users/Admin/AppData/Local/Energia15/packages/energia/hardware/tivac/1.0.3/libraries/Ethernet/utility/sys.c"
Finished building: "C:/Users/Admin/AppData/Local/Energia15/packages/energia/hardware/tivac/1.0.3/libraries/Ethernet/utility/sys.c"
 
Building file: "C:/Users/Admin/AppData/Local/Energia15/packages/energia/hardware/tivac/1.0.3/libraries/Ethernet/utility/tiva-tm4c129.c"
Invoking: GNU Compiler
"C:/Users/Admin/AppData/Local/Energia15/packages/energia/tools/arm-none-eabi-gcc/6.3.1-20170620/bin/arm-none-eabi-gcc-6.3.1.exe" -c -mcpu=cortex-m4 -march=armv7e-m -mthumb -mfloat-abi=hard -mfpu=fpv4-sp-d16 -Dprintf=iprintf -DF_CPU=80000000L -DENERGIA_EK_TM4C123GXL -DENERGIA_ARCH_TIVAC -DENERGIA=21 -DARDUINO=10610 -I"C:/Users/Admin/AppData/Local/Energia15/packages/energia/hardware/tivac/1.0.3/system/driverlib" -I"C:/Users/Admin/AppData/Local/Energia15/packages/energia/hardware/tivac/1.0.3/system/inc" -I"C:/Users/Admin/AppData/Local/Energia15/packages/energia/hardware/tivac/1.0.3/system" -I"C:/Users/Admin/AppData/Local/Energia15/packages/energia/hardware/tivac/1.0.3/cores/tivac" -I"C:/Users/Admin/AppData/Local/Energia15/packages/energia/hardware/tivac/1.0.3/variants/EK-TM4C123GXL" -I"C:/Users/Admin/Desktop/TECNICO/1-Semestre/SEMB/IOT Project/3- codeComposerWorkSpace/tivac_EK-TM4C123GXL_Ethernet" -I"C:/Users/Admin/AppData/Local/Energia15/packages/energia/hardware/tivac/1.0.3/libraries/Ethernet" -I"C:/Users/Admin/AppData/Local/Energia15/packages/energia/hardware/tivac/1.0.3/libraries/Ethernet/utility" -I"C:/Users/Admin/AppData/Local/Energia15/packages/energia/tools/arm-none-eabi-gcc/6.3.1-20170620/arm-none-eabi/include" -Os -ffunction-sections -fdata-sections -g -gdwarf-3 -gstrict-dwarf -w -Wall --param max-inline-insns-single=500 -mabi=aapcs -MMD -MP -MF"utility/tiva-tm4c129.d" -MT"utility/tiva-tm4c129.d" -std=gnu11  -o"utility/tiva-tm4c129.o" "C:/Users/Admin/AppData/Local/Energia15/packages/energia/hardware/tivac/1.0.3/libraries/Ethernet/utility/tiva-tm4c129.c"
utility/subdir_rules.mk:268: recipe for target 'utility/tiva-tm4c129.o' failed
In file included from C:/Users/Admin/AppData/Local/Energia15/packages/energia/hardware/tivac/1.0.3/libraries/Ethernet/utility/tiva-tm4c129.c:122:0:
C:/Users/Admin/AppData/Local/Energia15/packages/energia/hardware/tivac/1.0.3/libraries/Ethernet/utility/tiva-tm4c129.c: In function 'tivaif_hwinit':
C:/Users/Admin/AppData/Local/Energia15/packages/energia/hardware/tivac/1.0.3/system/inc/hw_ints.h:367:44: error: 'INT_EMAC0_TM4C123' undeclared (first use in this function)
 #define INT_EMAC0               INT_CONCAT(INT_EMAC0_, INT_DEVICE_CLASS)
                                            ^
C:/Users/Admin/AppData/Local/Energia15/packages/energia/hardware/tivac/1.0.3/system/inc/hw_ints.h:317:37: note: in definition of macro 'INT_RESOLVE'
 #define INT_RESOLVE(intname, class) intname##TM4C123
                                     ^~~~~~~
C:/Users/Admin/AppData/Local/Energia15/packages/energia/hardware/tivac/1.0.3/system/inc/hw_ints.h:367:33: note: in expansion of macro 'INT_CONCAT'
 #define INT_EMAC0               INT_CONCAT(INT_EMAC0_, INT_DEVICE_CLASS)
                                 ^~~~~~~~~~
C:/Users/Admin/AppData/Local/Energia15/packages/energia/hardware/tivac/1.0.3/libraries/Ethernet/utility/tiva-tm4c129.c:378:13: note: in expansion of macro 'INT_EMAC0'
   IntEnable(INT_EMAC0);
             ^~~~~~~~~
C:/Users/Admin/AppData/Local/Energia15/packages/energia/hardware/tivac/1.0.3/system/inc/hw_ints.h:367:44: note: each undeclared identifier is reported only once for each function it appears in
 #define INT_EMAC0               INT_CONCAT(INT_EMAC0_, INT_DEVICE_CLASS)
                                            ^
C:/Users/Admin/AppData/Local/Energia15/packages/energia/hardware/tivac/1.0.3/system/inc/hw_ints.h:317:37: note: in definition of macro 'INT_RESOLVE'
 #define INT_RESOLVE(intname, class) intname##TM4C123
                                     ^~~~~~~
C:/Users/Admin/AppData/Local/Energia15/packages/energia/hardware/tivac/1.0.3/system/inc/hw_ints.h:367:33: note: in expansion of macro 'INT_CONCAT'
 #define INT_EMAC0               INT_CONCAT(INT_EMAC0_, INT_DEVICE_CLASS)
                                 ^~~~~~~~~~
C:/Users/Admin/AppData/Local/Energia15/packages/energia/hardware/tivac/1.0.3/libraries/Ethernet/utility/tiva-tm4c129.c:378:13: note: in expansion of macro 'INT_EMAC0'
   IntEnable(INT_EMAC0);
             ^~~~~~~~~
gmake: *** [utility/tiva-tm4c129.o] Error 1
Building file: "C:/Users/Admin/AppData/Local/Energia15/packages/energia/hardware/tivac/1.0.3/libraries/Ethernet/utility/tcpip.c"
Invoking: GNU Compiler
"C:/Users/Admin/AppData/Local/Energia15/packages/energia/tools/arm-none-eabi-gcc/6.3.1-20170620/bin/arm-none-eabi-gcc-6.3.1.exe" -c -mcpu=cortex-m4 -march=armv7e-m -mthumb -mfloat-abi=hard -mfpu=fpv4-sp-d16 -Dprintf=iprintf -DF_CPU=80000000L -DENERGIA_EK_TM4C123GXL -DENERGIA_ARCH_TIVAC -DENERGIA=21 -DARDUINO=10610 -I"C:/Users/Admin/AppData/Local/Energia15/packages/energia/hardware/tivac/1.0.3/system/driverlib" -I"C:/Users/Admin/AppData/Local/Energia15/packages/energia/hardware/tivac/1.0.3/system/inc" -I"C:/Users/Admin/AppData/Local/Energia15/packages/energia/hardware/tivac/1.0.3/system" -I"C:/Users/Admin/AppData/Local/Energia15/packages/energia/hardware/tivac/1.0.3/cores/tivac" -I"C:/Users/Admin/AppData/Local/Energia15/packages/energia/hardware/tivac/1.0.3/variants/EK-TM4C123GXL" -I"C:/Users/Admin/Desktop/TECNICO/1-Semestre/SEMB/IOT Project/3- codeComposerWorkSpace/tivac_EK-TM4C123GXL_Ethernet" -I"C:/Users/Admin/AppData/Local/Energia15/packages/energia/hardware/tivac/1.0.3/libraries/Ethernet" -I"C:/Users/Admin/AppData/Local/Energia15/packages/energia/hardware/tivac/1.0.3/libraries/Ethernet/utility" -I"C:/Users/Admin/AppData/Local/Energia15/packages/energia/tools/arm-none-eabi-gcc/6.3.1-20170620/arm-none-eabi/include" -Os -ffunction-sections -fdata-sections -g -gdwarf-3 -gstrict-dwarf -w -Wall --param max-inline-insns-single=500 -mabi=aapcs -MMD -MP -MF"utility/tcpip.d" -MT"utility/tcpip.d" -std=gnu11  -o"utility/tcpip.o" "C:/Users/Admin/AppData/Local/Energia15/packages/energia/hardware/tivac/1.0.3/libraries/Ethernet/utility/tcpip.c"
Finished building: "C:/Users/Admin/AppData/Local/Energia15/packages/energia/hardware/tivac/1.0.3/libraries/Ethernet/utility/tcpip.c"
 
Building file: "C:/Users/Admin/AppData/Local/Energia15/packages/energia/hardware/tivac/1.0.3/libraries/Ethernet/utility/sys_arch.c"
Invoking: GNU Compiler
"C:/Users/Admin/AppData/Local/Energia15/packages/energia/tools/arm-none-eabi-gcc/6.3.1-20170620/bin/arm-none-eabi-gcc-6.3.1.exe" -c -mcpu=cortex-m4 -march=armv7e-m -mthumb -mfloat-abi=hard -mfpu=fpv4-sp-d16 -Dprintf=iprintf -DF_CPU=80000000L -DENERGIA_EK_TM4C123GXL -DENERGIA_ARCH_TIVAC -DENERGIA=21 -DARDUINO=10610 -I"C:/Users/Admin/AppData/Local/Energia15/packages/energia/hardware/tivac/1.0.3/system/driverlib" -I"C:/Users/Admin/AppData/Local/Energia15/packages/energia/hardware/tivac/1.0.3/system/inc" -I"C:/Users/Admin/AppData/Local/Energia15/packages/energia/hardware/tivac/1.0.3/system" -I"C:/Users/Admin/AppData/Local/Energia15/packages/energia/hardware/tivac/1.0.3/cores/tivac" -I"C:/Users/Admin/AppData/Local/Energia15/packages/energia/hardware/tivac/1.0.3/variants/EK-TM4C123GXL" -I"C:/Users/Admin/Desktop/TECNICO/1-Semestre/SEMB/IOT Project/3- codeComposerWorkSpace/tivac_EK-TM4C123GXL_Ethernet" -I"C:/Users/Admin/AppData/Local/Energia15/packages/energia/hardware/tivac/1.0.3/libraries/Ethernet" -I"C:/Users/Admin/AppData/Local/Energia15/packages/energia/hardware/tivac/1.0.3/libraries/Ethernet/utility" -I"C:/Users/Admin/AppData/Local/Energia15/packages/energia/tools/arm-none-eabi-gcc/6.3.1-20170620/arm-none-eabi/include" -Os -ffunction-sections -fdata-sections -g -gdwarf-3 -gstrict-dwarf -w -Wall --param max-inline-insns-single=500 -mabi=aapcs -MMD -MP -MF"utility/sys_arch.d" -MT"utility/sys_arch.d" -std=gnu11  -o"utility/sys_arch.o" "C:/Users/Admin/AppData/Local/Energia15/packages/energia/hardware/tivac/1.0.3/libraries/Ethernet/utility/sys_arch.c"
Finished building: "C:/Users/Admin/AppData/Local/Energia15/packages/energia/hardware/tivac/1.0.3/libraries/Ethernet/utility/sys_arch.c"
 
Building file: "C:/Users/Admin/AppData/Local/Energia15/packages/energia/hardware/tivac/1.0.3/libraries/Ethernet/utility/timers.c"
Invoking: GNU Compiler
"C:/Users/Admin/AppData/Local/Energia15/packages/energia/tools/arm-none-eabi-gcc/6.3.1-20170620/bin/arm-none-eabi-gcc-6.3.1.exe" -c -mcpu=cortex-m4 -march=armv7e-m -mthumb -mfloat-abi=hard -mfpu=fpv4-sp-d16 -Dprintf=iprintf -DF_CPU=80000000L -DENERGIA_EK_TM4C123GXL -DENERGIA_ARCH_TIVAC -DENERGIA=21 -DARDUINO=10610 -I"C:/Users/Admin/AppData/Local/Energia15/packages/energia/hardware/tivac/1.0.3/system/driverlib" -I"C:/Users/Admin/AppData/Local/Energia15/packages/energia/hardware/tivac/1.0.3/system/inc" -I"C:/Users/Admin/AppData/Local/Energia15/packages/energia/hardware/tivac/1.0.3/system" -I"C:/Users/Admin/AppData/Local/Energia15/packages/energia/hardware/tivac/1.0.3/cores/tivac" -I"C:/Users/Admin/AppData/Local/Energia15/packages/energia/hardware/tivac/1.0.3/variants/EK-TM4C123GXL" -I"C:/Users/Admin/Desktop/TECNICO/1-Semestre/SEMB/IOT Project/3- codeComposerWorkSpace/tivac_EK-TM4C123GXL_Ethernet" -I"C:/Users/Admin/AppData/Local/Energia15/packages/energia/hardware/tivac/1.0.3/libraries/Ethernet" -I"C:/Users/Admin/AppData/Local/Energia15/packages/energia/hardware/tivac/1.0.3/libraries/Ethernet/utility" -I"C:/Users/Admin/AppData/Local/Energia15/packages/energia/tools/arm-none-eabi-gcc/6.3.1-20170620/arm-none-eabi/include" -Os -ffunction-sections -fdata-sections -g -gdwarf-3 -gstrict-dwarf -w -Wall --param max-inline-insns-single=500 -mabi=aapcs -MMD -MP -MF"utility/timers.d" -MT"utility/timers.d" -std=gnu11  -o"utility/timers.o" "C:/Users/Admin/AppData/Local/Energia15/packages/energia/hardware/tivac/1.0.3/libraries/Ethernet/utility/timers.c"
Finished building: "C:/Users/Admin/AppData/Local/Energia15/packages/energia/hardware/tivac/1.0.3/libraries/Ethernet/utility/timers.c"
 
Building file: "C:/Users/Admin/AppData/Local/Energia15/packages/energia/hardware/tivac/1.0.3/libraries/Ethernet/utility/tcp.c"
Invoking: GNU Compiler
"C:/Users/Admin/AppData/Local/Energia15/packages/energia/tools/arm-none-eabi-gcc/6.3.1-20170620/bin/arm-none-eabi-gcc-6.3.1.exe" -c -mcpu=cortex-m4 -march=armv7e-m -mthumb -mfloat-abi=hard -mfpu=fpv4-sp-d16 -Dprintf=iprintf -DF_CPU=80000000L -DENERGIA_EK_TM4C123GXL -DENERGIA_ARCH_TIVAC -DENERGIA=21 -DARDUINO=10610 -I"C:/Users/Admin/AppData/Local/Energia15/packages/energia/hardware/tivac/1.0.3/system/driverlib" -I"C:/Users/Admin/AppData/Local/Energia15/packages/energia/hardware/tivac/1.0.3/system/inc" -I"C:/Users/Admin/AppData/Local/Energia15/packages/energia/hardware/tivac/1.0.3/system" -I"C:/Users/Admin/AppData/Local/Energia15/packages/energia/hardware/tivac/1.0.3/cores/tivac" -I"C:/Users/Admin/AppData/Local/Energia15/packages/energia/hardware/tivac/1.0.3/variants/EK-TM4C123GXL" -I"C:/Users/Admin/Desktop/TECNICO/1-Semestre/SEMB/IOT Project/3- codeComposerWorkSpace/tivac_EK-TM4C123GXL_Ethernet" -I"C:/Users/Admin/AppData/Local/Energia15/packages/energia/hardware/tivac/1.0.3/libraries/Ethernet" -I"C:/Users/Admin/AppData/Local/Energia15/packages/energia/hardware/tivac/1.0.3/libraries/Ethernet/utility" -I"C:/Users/Admin/AppData/Local/Energia15/packages/energia/tools/arm-none-eabi-gcc/6.3.1-20170620/arm-none-eabi/include" -Os -ffunction-sections -fdata-sections -g -gdwarf-3 -gstrict-dwarf -w -Wall --param max-inline-insns-single=500 -mabi=aapcs -MMD -MP -MF"utility/tcp.d" -MT"utility/tcp.d" -std=gnu11  -o"utility/tcp.o" "C:/Users/Admin/AppData/Local/Energia15/packages/energia/hardware/tivac/1.0.3/libraries/Ethernet/utility/tcp.c"
Finished building: "C:/Users/Admin/AppData/Local/Energia15/packages/energia/hardware/tivac/1.0.3/libraries/Ethernet/utility/tcp.c"
 
Building file: "C:/Users/Admin/AppData/Local/Energia15/packages/energia/hardware/tivac/1.0.3/libraries/Ethernet/utility/tcp_in.c"
Invoking: GNU Compiler
"C:/Users/Admin/AppData/Local/Energia15/packages/energia/tools/arm-none-eabi-gcc/6.3.1-20170620/bin/arm-none-eabi-gcc-6.3.1.exe" -c -mcpu=cortex-m4 -march=armv7e-m -mthumb -mfloat-abi=hard -mfpu=fpv4-sp-d16 -Dprintf=iprintf -DF_CPU=80000000L -DENERGIA_EK_TM4C123GXL -DENERGIA_ARCH_TIVAC -DENERGIA=21 -DARDUINO=10610 -I"C:/Users/Admin/AppData/Local/Energia15/packages/energia/hardware/tivac/1.0.3/system/driverlib" -I"C:/Users/Admin/AppData/Local/Energia15/packages/energia/hardware/tivac/1.0.3/system/inc" -I"C:/Users/Admin/AppData/Local/Energia15/packages/energia/hardware/tivac/1.0.3/system" -I"C:/Users/Admin/AppData/Local/Energia15/packages/energia/hardware/tivac/1.0.3/cores/tivac" -I"C:/Users/Admin/AppData/Local/Energia15/packages/energia/hardware/tivac/1.0.3/variants/EK-TM4C123GXL" -I"C:/Users/Admin/Desktop/TECNICO/1-Semestre/SEMB/IOT Project/3- codeComposerWorkSpace/tivac_EK-TM4C123GXL_Ethernet" -I"C:/Users/Admin/AppData/Local/Energia15/packages/energia/hardware/tivac/1.0.3/libraries/Ethernet" -I"C:/Users/Admin/AppData/Local/Energia15/packages/energia/hardware/tivac/1.0.3/libraries/Ethernet/utility" -I"C:/Users/Admin/AppData/Local/Energia15/packages/energia/tools/arm-none-eabi-gcc/6.3.1-20170620/arm-none-eabi/include" -Os -ffunction-sections -fdata-sections -g -gdwarf-3 -gstrict-dwarf -w -Wall --param max-inline-insns-single=500 -mabi=aapcs -MMD -MP -MF"utility/tcp_in.d" -MT"utility/tcp_in.d" -std=gnu11  -o"utility/tcp_in.o" "C:/Users/Admin/AppData/Local/Energia15/packages/energia/hardware/tivac/1.0.3/libraries/Ethernet/utility/tcp_in.c"
Finished building: "C:/Users/Admin/AppData/Local/Energia15/packages/energia/hardware/tivac/1.0.3/libraries/Ethernet/utility/tcp_in.c"
 
Building file: "C:/Users/Admin/AppData/Local/Energia15/packages/energia/hardware/tivac/1.0.3/libraries/Ethernet/utility/tcp_out.c"
Invoking: GNU Compiler
"C:/Users/Admin/AppData/Local/Energia15/packages/energia/tools/arm-none-eabi-gcc/6.3.1-20170620/bin/arm-none-eabi-gcc-6.3.1.exe" -c -mcpu=cortex-m4 -march=armv7e-m -mthumb -mfloat-abi=hard -mfpu=fpv4-sp-d16 -Dprintf=iprintf -DF_CPU=80000000L -DENERGIA_EK_TM4C123GXL -DENERGIA_ARCH_TIVAC -DENERGIA=21 -DARDUINO=10610 -I"C:/Users/Admin/AppData/Local/Energia15/packages/energia/hardware/tivac/1.0.3/system/driverlib" -I"C:/Users/Admin/AppData/Local/Energia15/packages/energia/hardware/tivac/1.0.3/system/inc" -I"C:/Users/Admin/AppData/Local/Energia15/packages/energia/hardware/tivac/1.0.3/system" -I"C:/Users/Admin/AppData/Local/Energia15/packages/energia/hardware/tivac/1.0.3/cores/tivac" -I"C:/Users/Admin/AppData/Local/Energia15/packages/energia/hardware/tivac/1.0.3/variants/EK-TM4C123GXL" -I"C:/Users/Admin/Desktop/TECNICO/1-Semestre/SEMB/IOT Project/3- codeComposerWorkSpace/tivac_EK-TM4C123GXL_Ethernet" -I"C:/Users/Admin/AppData/Local/Energia15/packages/energia/hardware/tivac/1.0.3/libraries/Ethernet" -I"C:/Users/Admin/AppData/Local/Energia15/packages/energia/hardware/tivac/1.0.3/libraries/Ethernet/utility" -I"C:/Users/Admin/AppData/Local/Energia15/packages/energia/tools/arm-none-eabi-gcc/6.3.1-20170620/arm-none-eabi/include" -Os -ffunction-sections -fdata-sections -g -gdwarf-3 -gstrict-dwarf -w -Wall --param max-inline-insns-single=500 -mabi=aapcs -MMD -MP -MF"utility/tcp_out.d" -MT"utility/tcp_out.d" -std=gnu11  -o"utility/tcp_out.o" "C:/Users/Admin/AppData/Local/Energia15/packages/energia/hardware/tivac/1.0.3/libraries/Ethernet/utility/tcp_out.c"
Finished building: "C:/Users/Admin/AppData/Local/Energia15/packages/energia/hardware/tivac/1.0.3/libraries/Ethernet/utility/tcp_out.c"
 
Building file: "C:/Users/Admin/AppData/Local/Energia15/packages/energia/hardware/tivac/1.0.3/libraries/Ethernet/utility/udp.c"
Invoking: GNU Compiler
"C:/Users/Admin/AppData/Local/Energia15/packages/energia/tools/arm-none-eabi-gcc/6.3.1-20170620/bin/arm-none-eabi-gcc-6.3.1.exe" -c -mcpu=cortex-m4 -march=armv7e-m -mthumb -mfloat-abi=hard -mfpu=fpv4-sp-d16 -Dprintf=iprintf -DF_CPU=80000000L -DENERGIA_EK_TM4C123GXL -DENERGIA_ARCH_TIVAC -DENERGIA=21 -DARDUINO=10610 -I"C:/Users/Admin/AppData/Local/Energia15/packages/energia/hardware/tivac/1.0.3/system/driverlib" -I"C:/Users/Admin/AppData/Local/Energia15/packages/energia/hardware/tivac/1.0.3/system/inc" -I"C:/Users/Admin/AppData/Local/Energia15/packages/energia/hardware/tivac/1.0.3/system" -I"C:/Users/Admin/AppData/Local/Energia15/packages/energia/hardware/tivac/1.0.3/cores/tivac" -I"C:/Users/Admin/AppData/Local/Energia15/packages/energia/hardware/tivac/1.0.3/variants/EK-TM4C123GXL" -I"C:/Users/Admin/Desktop/TECNICO/1-Semestre/SEMB/IOT Project/3- codeComposerWorkSpace/tivac_EK-TM4C123GXL_Ethernet" -I"C:/Users/Admin/AppData/Local/Energia15/packages/energia/hardware/tivac/1.0.3/libraries/Ethernet" -I"C:/Users/Admin/AppData/Local/Energia15/packages/energia/hardware/tivac/1.0.3/libraries/Ethernet/utility" -I"C:/Users/Admin/AppData/Local/Energia15/packages/energia/tools/arm-none-eabi-gcc/6.3.1-20170620/arm-none-eabi/include" -Os -ffunction-sections -fdata-sections -g -gdwarf-3 -gstrict-dwarf -w -Wall --param max-inline-insns-single=500 -mabi=aapcs -MMD -MP -MF"utility/udp.d" -MT"utility/udp.d" -std=gnu11  -o"utility/udp.o" "C:/Users/Admin/AppData/Local/Energia15/packages/energia/hardware/tivac/1.0.3/libraries/Ethernet/utility/udp.c"
Finished building: "C:/Users/Admin/AppData/Local/Energia15/packages/energia/hardware/tivac/1.0.3/libraries/Ethernet/utility/udp.c"
 
gmake: Target 'all' not remade because of errors.

**** Build Finished ****
